{"level":"info","msg":"Starting server Expected Results: [{global e2e} {my-node systemd-logs}]","time":"2022-05-30T06:08:23Z"}
{"level":"info","msg":"Starting annotation update routine","time":"2022-05-30T06:08:23Z"}
{"address":"0.0.0.0","level":"info","msg":"Starting aggregation server","port":8080,"time":"2022-05-30T06:08:23Z"}
{"level":"info","msg":"Running plugin","plugin":"e2e","time":"2022-05-30T06:08:23Z"}
{"level":"info","msg":"Running plugin","plugin":"systemd-logs","time":"2022-05-30T06:08:23Z"}
{"client_cert":["e2e"],"level":"info","method":"POST","msg":"received request","plugin_name":"e2e","time":"2022-05-30T06:08:34Z","url":{"Scheme":"","Opaque":"","User":null,"Host":"","Path":"/api/v1/progress/global/e2e","RawPath":"","ForceQuery":false,"RawQuery":"","Fragment":"","RawFragment":""}}
{"client_cert":["systemd-logs"],"level":"info","method":"PUT","msg":"received request","node":"my-node","plugin_name":"systemd-logs","time":"2022-05-30T06:08:36Z","url":{"Scheme":"","Opaque":"","User":null,"Host":"","Path":"/api/v1/results/by-node/my-node/systemd-logs","RawPath":"","ForceQuery":false,"RawQuery":"","Fragment":"","RawFragment":""}}
{"client_cert":["e2e"],"level":"info","method":"POST","msg":"received request","plugin_name":"e2e","time":"2022-05-30T06:08:53Z","url":{"Scheme":"","Opaque":"","User":null,"Host":"","Path":"/api/v1/progress/global/e2e","RawPath":"","ForceQuery":false,"RawQuery":"","Fragment":"","RawFragment":""}}
{"client_cert":["e2e"],"level":"info","method":"POST","msg":"received request","plugin_name":"e2e","time":"2022-05-30T06:09:02Z","url":{"Scheme":"","Opaque":"","User":null,"Host":"","Path":"/api/v1/progress/global/e2e","RawPath":"","ForceQuery":false,"RawQuery":"","Fragment":"","RawFragment":""}}
{"client_cert":["e2e"],"level":"info","method":"POST","msg":"received request","plugin_name":"e2e","time":"2022-05-30T06:09:15Z","url":{"Scheme":"","Opaque":"","User":null,"Host":"","Path":"/api/v1/progress/global/e2e","RawPath":"","ForceQuery":false,"RawQuery":"","Fragment":"","RawFragment":""}}
{"client_cert":["e2e"],"level":"info","method":"POST","msg":"received request","plugin_name":"e2e","time":"2022-05-30T06:09:15Z","url":{"Scheme":"","Opaque":"","User":null,"Host":"","Path":"/api/v1/progress/global/e2e","RawPath":"","ForceQuery":false,"RawQuery":"","Fragment":"","RawFragment":""}}
{"client_cert":["e2e"],"level":"info","method":"POST","msg":"received request","plugin_name":"e2e","time":"2022-05-30T06:09:15Z","url":{"Scheme":"","Opaque":"","User":null,"Host":"","Path":"/api/v1/progress/global/e2e","RawPath":"","ForceQuery":false,"RawQuery":"","Fragment":"","RawFragment":""}}
{"client_cert":["e2e"],"level":"info","method":"POST","msg":"received request","plugin_name":"e2e","time":"2022-05-30T06:09:19Z","url":{"Scheme":"","Opaque":"","User":null,"Host":"","Path":"/api/v1/progress/global/e2e","RawPath":"","ForceQuery":false,"RawQuery":"","Fragment":"","RawFragment":""}}
{"client_cert":["e2e"],"level":"info","method":"POST","msg":"received request","plugin_name":"e2e","time":"2022-05-30T06:09:21Z","url":{"Scheme":"","Opaque":"","User":null,"Host":"","Path":"/api/v1/progress/global/e2e","RawPath":"","ForceQuery":false,"RawQuery":"","Fragment":"","RawFragment":""}}
{"client_cert":["e2e"],"level":"info","method":"POST","msg":"received request","plugin_name":"e2e","time":"2022-05-30T06:09:25Z","url":{"Scheme":"","Opaque":"","User":null,"Host":"","Path":"/api/v1/progress/global/e2e","RawPath":"","ForceQuery":false,"RawQuery":"","Fragment":"","RawFragment":""}}
{"client_cert":["e2e"],"level":"info","method":"POST","msg":"received request","plugin_name":"e2e","time":"2022-05-30T06:10:52Z","url":{"Scheme":"","Opaque":"","User":null,"Host":"","Path":"/api/v1/progress/global/e2e","RawPath":"","ForceQuery":false,"RawQuery":"","Fragment":"","RawFragment":""}}
{"client_cert":["e2e"],"level":"info","method":"POST","msg":"received request","plugin_name":"e2e","time":"2022-05-30T06:11:02Z","url":{"Scheme":"","Opaque":"","User":null,"Host":"","Path":"/api/v1/progress/global/e2e","RawPath":"","ForceQuery":false,"RawQuery":"","Fragment":"","RawFragment":""}}
{"client_cert":["e2e"],"level":"info","method":"POST","msg":"received request","plugin_name":"e2e","time":"2022-05-30T06:15:07Z","url":{"Scheme":"","Opaque":"","User":null,"Host":"","Path":"/api/v1/progress/global/e2e","RawPath":"","ForceQuery":false,"RawQuery":"","Fragment":"","RawFragment":""}}
{"client_cert":["e2e"],"level":"info","method":"POST","msg":"received request","plugin_name":"e2e","time":"2022-05-30T06:15:26Z","url":{"Scheme":"","Opaque":"","User":null,"Host":"","Path":"/api/v1/progress/global/e2e","RawPath":"","ForceQuery":false,"RawQuery":"","Fragment":"","RawFragment":""}}
{"client_cert":["e2e"],"level":"info","method":"POST","msg":"received request","plugin_name":"e2e","time":"2022-05-30T06:15:26Z","url":{"Scheme":"","Opaque":"","User":null,"Host":"","Path":"/api/v1/progress/global/e2e","RawPath":"","ForceQuery":false,"RawQuery":"","Fragment":"","RawFragment":""}}
{"client_cert":["e2e"],"level":"info","method":"POST","msg":"received request","plugin_name":"e2e","time":"2022-05-30T06:15:30Z","url":{"Scheme":"","Opaque":"","User":null,"Host":"","Path":"/api/v1/progress/global/e2e","RawPath":"","ForceQuery":false,"RawQuery":"","Fragment":"","RawFragment":""}}
{"client_cert":["e2e"],"level":"info","method":"POST","msg":"received request","plugin_name":"e2e","time":"2022-05-30T06:15:56Z","url":{"Scheme":"","Opaque":"","User":null,"Host":"","Path":"/api/v1/progress/global/e2e","RawPath":"","ForceQuery":false,"RawQuery":"","Fragment":"","RawFragment":""}}
{"client_cert":["e2e"],"level":"info","method":"POST","msg":"received request","plugin_name":"e2e","time":"2022-05-30T06:16:05Z","url":{"Scheme":"","Opaque":"","User":null,"Host":"","Path":"/api/v1/progress/global/e2e","RawPath":"","ForceQuery":false,"RawQuery":"","Fragment":"","RawFragment":""}}
{"client_cert":["e2e"],"level":"info","method":"POST","msg":"received request","plugin_name":"e2e","time":"2022-05-30T06:16:11Z","url":{"Scheme":"","Opaque":"","User":null,"Host":"","Path":"/api/v1/progress/global/e2e","RawPath":"","ForceQuery":false,"RawQuery":"","Fragment":"","RawFragment":""}}
{"client_cert":["e2e"],"level":"info","method":"POST","msg":"received request","plugin_name":"e2e","time":"2022-05-30T06:16:17Z","url":{"Scheme":"","Opaque":"","User":null,"Host":"","Path":"/api/v1/progress/global/e2e","RawPath":"","ForceQuery":false,"RawQuery":"","Fragment":"","RawFragment":""}}
{"client_cert":["e2e"],"level":"info","method":"POST","msg":"received request","plugin_name":"e2e","time":"2022-05-30T06:16:21Z","url":{"Scheme":"","Opaque":"","User":null,"Host":"","Path":"/api/v1/progress/global/e2e","RawPath":"","ForceQuery":false,"RawQuery":"","Fragment":"","RawFragment":""}}
{"client_cert":["e2e"],"level":"info","method":"POST","msg":"received request","plugin_name":"e2e","time":"2022-05-30T06:16:48Z","url":{"Scheme":"","Opaque":"","User":null,"Host":"","Path":"/api/v1/progress/global/e2e","RawPath":"","ForceQuery":false,"RawQuery":"","Fragment":"","RawFragment":""}}
{"client_cert":["e2e"],"level":"info","method":"POST","msg":"received request","plugin_name":"e2e","time":"2022-05-30T06:16:55Z","url":{"Scheme":"","Opaque":"","User":null,"Host":"","Path":"/api/v1/progress/global/e2e","RawPath":"","ForceQuery":false,"RawQuery":"","Fragment":"","RawFragment":""}}
{"client_cert":["e2e"],"level":"info","method":"POST","msg":"received request","plugin_name":"e2e","time":"2022-05-30T06:16:55Z","url":{"Scheme":"","Opaque":"","User":null,"Host":"","Path":"/api/v1/progress/global/e2e","RawPath":"","ForceQuery":false,"RawQuery":"","Fragment":"","RawFragment":""}}
{"client_cert":["e2e"],"level":"info","method":"POST","msg":"received request","plugin_name":"e2e","time":"2022-05-30T06:17:02Z","url":{"Scheme":"","Opaque":"","User":null,"Host":"","Path":"/api/v1/progress/global/e2e","RawPath":"","ForceQuery":false,"RawQuery":"","Fragment":"","RawFragment":""}}
{"client_cert":["e2e"],"level":"info","method":"POST","msg":"received request","plugin_name":"e2e","time":"2022-05-30T06:17:18Z","url":{"Scheme":"","Opaque":"","User":null,"Host":"","Path":"/api/v1/progress/global/e2e","RawPath":"","ForceQuery":false,"RawQuery":"","Fragment":"","RawFragment":""}}
{"client_cert":["e2e"],"level":"info","method":"POST","msg":"received request","plugin_name":"e2e","time":"2022-05-30T06:17:49Z","url":{"Scheme":"","Opaque":"","User":null,"Host":"","Path":"/api/v1/progress/global/e2e","RawPath":"","ForceQuery":false,"RawQuery":"","Fragment":"","RawFragment":""}}
{"client_cert":["e2e"],"level":"info","method":"POST","msg":"received request","plugin_name":"e2e","time":"2022-05-30T06:17:55Z","url":{"Scheme":"","Opaque":"","User":null,"Host":"","Path":"/api/v1/progress/global/e2e","RawPath":"","ForceQuery":false,"RawQuery":"","Fragment":"","RawFragment":""}}
{"client_cert":["e2e"],"level":"info","method":"POST","msg":"received request","plugin_name":"e2e","time":"2022-05-30T06:18:04Z","url":{"Scheme":"","Opaque":"","User":null,"Host":"","Path":"/api/v1/progress/global/e2e","RawPath":"","ForceQuery":false,"RawQuery":"","Fragment":"","RawFragment":""}}
{"client_cert":["e2e"],"level":"info","method":"POST","msg":"received request","plugin_name":"e2e","time":"2022-05-30T06:18:11Z","url":{"Scheme":"","Opaque":"","User":null,"Host":"","Path":"/api/v1/progress/global/e2e","RawPath":"","ForceQuery":false,"RawQuery":"","Fragment":"","RawFragment":""}}
{"client_cert":["e2e"],"level":"info","method":"POST","msg":"received request","plugin_name":"e2e","time":"2022-05-30T06:18:23Z","url":{"Scheme":"","Opaque":"","User":null,"Host":"","Path":"/api/v1/progress/global/e2e","RawPath":"","ForceQuery":false,"RawQuery":"","Fragment":"","RawFragment":""}}
{"client_cert":["e2e"],"level":"info","method":"POST","msg":"received request","plugin_name":"e2e","time":"2022-05-30T06:18:38Z","url":{"Scheme":"","Opaque":"","User":null,"Host":"","Path":"/api/v1/progress/global/e2e","RawPath":"","ForceQuery":false,"RawQuery":"","Fragment":"","RawFragment":""}}
{"client_cert":["e2e"],"level":"info","method":"POST","msg":"received request","plugin_name":"e2e","time":"2022-05-30T06:19:04Z","url":{"Scheme":"","Opaque":"","User":null,"Host":"","Path":"/api/v1/progress/global/e2e","RawPath":"","ForceQuery":false,"RawQuery":"","Fragment":"","RawFragment":""}}
{"client_cert":["e2e"],"level":"info","method":"POST","msg":"received request","plugin_name":"e2e","time":"2022-05-30T06:19:55Z","url":{"Scheme":"","Opaque":"","User":null,"Host":"","Path":"/api/v1/progress/global/e2e","RawPath":"","ForceQuery":false,"RawQuery":"","Fragment":"","RawFragment":""}}
{"client_cert":["e2e"],"level":"info","method":"POST","msg":"received request","plugin_name":"e2e","time":"2022-05-30T06:20:06Z","url":{"Scheme":"","Opaque":"","User":null,"Host":"","Path":"/api/v1/progress/global/e2e","RawPath":"","ForceQuery":false,"RawQuery":"","Fragment":"","RawFragment":""}}
{"client_cert":["e2e"],"level":"info","method":"POST","msg":"received request","plugin_name":"e2e","time":"2022-05-30T06:20:11Z","url":{"Scheme":"","Opaque":"","User":null,"Host":"","Path":"/api/v1/progress/global/e2e","RawPath":"","ForceQuery":false,"RawQuery":"","Fragment":"","RawFragment":""}}
{"client_cert":["e2e"],"level":"info","method":"POST","msg":"received request","plugin_name":"e2e","time":"2022-05-30T06:20:15Z","url":{"Scheme":"","Opaque":"","User":null,"Host":"","Path":"/api/v1/progress/global/e2e","RawPath":"","ForceQuery":false,"RawQuery":"","Fragment":"","RawFragment":""}}
{"client_cert":["e2e"],"level":"info","method":"POST","msg":"received request","plugin_name":"e2e","time":"2022-05-30T06:20:15Z","url":{"Scheme":"","Opaque":"","User":null,"Host":"","Path":"/api/v1/progress/global/e2e","RawPath":"","ForceQuery":false,"RawQuery":"","Fragment":"","RawFragment":""}}
{"client_cert":["e2e"],"level":"info","method":"POST","msg":"received request","plugin_name":"e2e","time":"2022-05-30T06:20:36Z","url":{"Scheme":"","Opaque":"","User":null,"Host":"","Path":"/api/v1/progress/global/e2e","RawPath":"","ForceQuery":false,"RawQuery":"","Fragment":"","RawFragment":""}}
{"client_cert":["e2e"],"level":"info","method":"POST","msg":"received request","plugin_name":"e2e","time":"2022-05-30T06:20:42Z","url":{"Scheme":"","Opaque":"","User":null,"Host":"","Path":"/api/v1/progress/global/e2e","RawPath":"","ForceQuery":false,"RawQuery":"","Fragment":"","RawFragment":""}}
{"client_cert":["e2e"],"level":"info","method":"POST","msg":"received request","plugin_name":"e2e","time":"2022-05-30T06:21:03Z","url":{"Scheme":"","Opaque":"","User":null,"Host":"","Path":"/api/v1/progress/global/e2e","RawPath":"","ForceQuery":false,"RawQuery":"","Fragment":"","RawFragment":""}}
{"client_cert":["e2e"],"level":"info","method":"POST","msg":"received request","plugin_name":"e2e","time":"2022-05-30T06:24:25Z","url":{"Scheme":"","Opaque":"","User":null,"Host":"","Path":"/api/v1/progress/global/e2e","RawPath":"","ForceQuery":false,"RawQuery":"","Fragment":"","RawFragment":""}}
{"client_cert":["e2e"],"level":"info","method":"POST","msg":"received request","plugin_name":"e2e","time":"2022-05-30T06:24:25Z","url":{"Scheme":"","Opaque":"","User":null,"Host":"","Path":"/api/v1/progress/global/e2e","RawPath":"","ForceQuery":false,"RawQuery":"","Fragment":"","RawFragment":""}}
{"client_cert":["e2e"],"level":"info","method":"POST","msg":"received request","plugin_name":"e2e","time":"2022-05-30T06:25:56Z","url":{"Scheme":"","Opaque":"","User":null,"Host":"","Path":"/api/v1/progress/global/e2e","RawPath":"","ForceQuery":false,"RawQuery":"","Fragment":"","RawFragment":""}}
{"client_cert":["e2e"],"level":"info","method":"POST","msg":"received request","plugin_name":"e2e","time":"2022-05-30T06:28:15Z","url":{"Scheme":"","Opaque":"","User":null,"Host":"","Path":"/api/v1/progress/global/e2e","RawPath":"","ForceQuery":false,"RawQuery":"","Fragment":"","RawFragment":""}}
{"client_cert":["e2e"],"level":"info","method":"POST","msg":"received request","plugin_name":"e2e","time":"2022-05-30T06:28:56Z","url":{"Scheme":"","Opaque":"","User":null,"Host":"","Path":"/api/v1/progress/global/e2e","RawPath":"","ForceQuery":false,"RawQuery":"","Fragment":"","RawFragment":""}}
{"client_cert":["e2e"],"level":"info","method":"POST","msg":"received request","plugin_name":"e2e","time":"2022-05-30T06:29:06Z","url":{"Scheme":"","Opaque":"","User":null,"Host":"","Path":"/api/v1/progress/global/e2e","RawPath":"","ForceQuery":false,"RawQuery":"","Fragment":"","RawFragment":""}}
{"client_cert":["e2e"],"level":"info","method":"POST","msg":"received request","plugin_name":"e2e","time":"2022-05-30T06:29:11Z","url":{"Scheme":"","Opaque":"","User":null,"Host":"","Path":"/api/v1/progress/global/e2e","RawPath":"","ForceQuery":false,"RawQuery":"","Fragment":"","RawFragment":""}}
{"client_cert":["e2e"],"level":"info","method":"POST","msg":"received request","plugin_name":"e2e","time":"2022-05-30T06:29:14Z","url":{"Scheme":"","Opaque":"","User":null,"Host":"","Path":"/api/v1/progress/global/e2e","RawPath":"","ForceQuery":false,"RawQuery":"","Fragment":"","RawFragment":""}}
{"client_cert":["e2e"],"level":"info","method":"POST","msg":"received request","plugin_name":"e2e","time":"2022-05-30T06:29:36Z","url":{"Scheme":"","Opaque":"","User":null,"Host":"","Path":"/api/v1/progress/global/e2e","RawPath":"","ForceQuery":false,"RawQuery":"","Fragment":"","RawFragment":""}}
{"client_cert":["e2e"],"level":"info","method":"POST","msg":"received request","plugin_name":"e2e","time":"2022-05-30T06:29:43Z","url":{"Scheme":"","Opaque":"","User":null,"Host":"","Path":"/api/v1/progress/global/e2e","RawPath":"","ForceQuery":false,"RawQuery":"","Fragment":"","RawFragment":""}}
{"client_cert":["e2e"],"level":"info","method":"POST","msg":"received request","plugin_name":"e2e","time":"2022-05-30T06:31:46Z","url":{"Scheme":"","Opaque":"","User":null,"Host":"","Path":"/api/v1/progress/global/e2e","RawPath":"","ForceQuery":false,"RawQuery":"","Fragment":"","RawFragment":""}}
{"client_cert":["e2e"],"level":"info","method":"POST","msg":"received request","plugin_name":"e2e","time":"2022-05-30T06:32:14Z","url":{"Scheme":"","Opaque":"","User":null,"Host":"","Path":"/api/v1/progress/global/e2e","RawPath":"","ForceQuery":false,"RawQuery":"","Fragment":"","RawFragment":""}}
{"client_cert":["e2e"],"level":"info","method":"POST","msg":"received request","plugin_name":"e2e","time":"2022-05-30T06:32:14Z","url":{"Scheme":"","Opaque":"","User":null,"Host":"","Path":"/api/v1/progress/global/e2e","RawPath":"","ForceQuery":false,"RawQuery":"","Fragment":"","RawFragment":""}}
{"client_cert":["e2e"],"level":"info","method":"POST","msg":"received request","plugin_name":"e2e","time":"2022-05-30T06:32:19Z","url":{"Scheme":"","Opaque":"","User":null,"Host":"","Path":"/api/v1/progress/global/e2e","RawPath":"","ForceQuery":false,"RawQuery":"","Fragment":"","RawFragment":""}}
{"client_cert":["e2e"],"level":"info","method":"POST","msg":"received request","plugin_name":"e2e","time":"2022-05-30T06:32:31Z","url":{"Scheme":"","Opaque":"","User":null,"Host":"","Path":"/api/v1/progress/global/e2e","RawPath":"","ForceQuery":false,"RawQuery":"","Fragment":"","RawFragment":""}}
{"client_cert":["e2e"],"level":"info","method":"POST","msg":"received request","plugin_name":"e2e","time":"2022-05-30T06:33:43Z","url":{"Scheme":"","Opaque":"","User":null,"Host":"","Path":"/api/v1/progress/global/e2e","RawPath":"","ForceQuery":false,"RawQuery":"","Fragment":"","RawFragment":""}}
{"client_cert":["e2e"],"level":"info","method":"POST","msg":"received request","plugin_name":"e2e","time":"2022-05-30T06:33:58Z","url":{"Scheme":"","Opaque":"","User":null,"Host":"","Path":"/api/v1/progress/global/e2e","RawPath":"","ForceQuery":false,"RawQuery":"","Fragment":"","RawFragment":""}}
{"client_cert":["e2e"],"level":"info","method":"POST","msg":"received request","plugin_name":"e2e","time":"2022-05-30T06:33:59Z","url":{"Scheme":"","Opaque":"","User":null,"Host":"","Path":"/api/v1/progress/global/e2e","RawPath":"","ForceQuery":false,"RawQuery":"","Fragment":"","RawFragment":""}}
{"client_cert":["e2e"],"level":"info","method":"POST","msg":"received request","plugin_name":"e2e","time":"2022-05-30T06:34:05Z","url":{"Scheme":"","Opaque":"","User":null,"Host":"","Path":"/api/v1/progress/global/e2e","RawPath":"","ForceQuery":false,"RawQuery":"","Fragment":"","RawFragment":""}}
{"client_cert":["e2e"],"level":"info","method":"POST","msg":"received request","plugin_name":"e2e","time":"2022-05-30T06:34:07Z","url":{"Scheme":"","Opaque":"","User":null,"Host":"","Path":"/api/v1/progress/global/e2e","RawPath":"","ForceQuery":false,"RawQuery":"","Fragment":"","RawFragment":""}}
{"client_cert":["e2e"],"level":"info","method":"POST","msg":"received request","plugin_name":"e2e","time":"2022-05-30T06:35:21Z","url":{"Scheme":"","Opaque":"","User":null,"Host":"","Path":"/api/v1/progress/global/e2e","RawPath":"","ForceQuery":false,"RawQuery":"","Fragment":"","RawFragment":""}}
{"client_cert":["e2e"],"level":"info","method":"POST","msg":"received request","plugin_name":"e2e","time":"2022-05-30T06:35:23Z","url":{"Scheme":"","Opaque":"","User":null,"Host":"","Path":"/api/v1/progress/global/e2e","RawPath":"","ForceQuery":false,"RawQuery":"","Fragment":"","RawFragment":""}}
{"client_cert":["e2e"],"level":"info","method":"POST","msg":"received request","plugin_name":"e2e","time":"2022-05-30T06:35:33Z","url":{"Scheme":"","Opaque":"","User":null,"Host":"","Path":"/api/v1/progress/global/e2e","RawPath":"","ForceQuery":false,"RawQuery":"","Fragment":"","RawFragment":""}}
{"client_cert":["e2e"],"level":"info","method":"POST","msg":"received request","plugin_name":"e2e","time":"2022-05-30T06:35:34Z","url":{"Scheme":"","Opaque":"","User":null,"Host":"","Path":"/api/v1/progress/global/e2e","RawPath":"","ForceQuery":false,"RawQuery":"","Fragment":"","RawFragment":""}}
{"client_cert":["e2e"],"level":"info","method":"POST","msg":"received request","plugin_name":"e2e","time":"2022-05-30T06:36:15Z","url":{"Scheme":"","Opaque":"","User":null,"Host":"","Path":"/api/v1/progress/global/e2e","RawPath":"","ForceQuery":false,"RawQuery":"","Fragment":"","RawFragment":""}}
{"client_cert":["e2e"],"level":"info","method":"POST","msg":"received request","plugin_name":"e2e","time":"2022-05-30T06:36:21Z","url":{"Scheme":"","Opaque":"","User":null,"Host":"","Path":"/api/v1/progress/global/e2e","RawPath":"","ForceQuery":false,"RawQuery":"","Fragment":"","RawFragment":""}}
{"client_cert":["e2e"],"level":"info","method":"POST","msg":"received request","plugin_name":"e2e","time":"2022-05-30T06:38:32Z","url":{"Scheme":"","Opaque":"","User":null,"Host":"","Path":"/api/v1/progress/global/e2e","RawPath":"","ForceQuery":false,"RawQuery":"","Fragment":"","RawFragment":""}}
{"client_cert":["e2e"],"level":"info","method":"POST","msg":"received request","plugin_name":"e2e","time":"2022-05-30T06:38:56Z","url":{"Scheme":"","Opaque":"","User":null,"Host":"","Path":"/api/v1/progress/global/e2e","RawPath":"","ForceQuery":false,"RawQuery":"","Fragment":"","RawFragment":""}}
{"client_cert":["e2e"],"level":"info","method":"POST","msg":"received request","plugin_name":"e2e","time":"2022-05-30T06:39:20Z","url":{"Scheme":"","Opaque":"","User":null,"Host":"","Path":"/api/v1/progress/global/e2e","RawPath":"","ForceQuery":false,"RawQuery":"","Fragment":"","RawFragment":""}}
{"client_cert":["e2e"],"level":"info","method":"POST","msg":"received request","plugin_name":"e2e","time":"2022-05-30T06:39:27Z","url":{"Scheme":"","Opaque":"","User":null,"Host":"","Path":"/api/v1/progress/global/e2e","RawPath":"","ForceQuery":false,"RawQuery":"","Fragment":"","RawFragment":""}}
{"client_cert":["e2e"],"level":"info","method":"POST","msg":"received request","plugin_name":"e2e","time":"2022-05-30T06:39:35Z","url":{"Scheme":"","Opaque":"","User":null,"Host":"","Path":"/api/v1/progress/global/e2e","RawPath":"","ForceQuery":false,"RawQuery":"","Fragment":"","RawFragment":""}}
{"client_cert":["e2e"],"level":"info","method":"POST","msg":"received request","plugin_name":"e2e","time":"2022-05-30T06:39:46Z","url":{"Scheme":"","Opaque":"","User":null,"Host":"","Path":"/api/v1/progress/global/e2e","RawPath":"","ForceQuery":false,"RawQuery":"","Fragment":"","RawFragment":""}}
{"client_cert":["e2e"],"level":"info","method":"POST","msg":"received request","plugin_name":"e2e","time":"2022-05-30T06:39:53Z","url":{"Scheme":"","Opaque":"","User":null,"Host":"","Path":"/api/v1/progress/global/e2e","RawPath":"","ForceQuery":false,"RawQuery":"","Fragment":"","RawFragment":""}}
{"client_cert":["e2e"],"level":"info","method":"POST","msg":"received request","plugin_name":"e2e","time":"2022-05-30T06:40:03Z","url":{"Scheme":"","Opaque":"","User":null,"Host":"","Path":"/api/v1/progress/global/e2e","RawPath":"","ForceQuery":false,"RawQuery":"","Fragment":"","RawFragment":""}}
{"client_cert":["e2e"],"level":"info","method":"POST","msg":"received request","plugin_name":"e2e","time":"2022-05-30T06:40:09Z","url":{"Scheme":"","Opaque":"","User":null,"Host":"","Path":"/api/v1/progress/global/e2e","RawPath":"","ForceQuery":false,"RawQuery":"","Fragment":"","RawFragment":""}}
{"client_cert":["e2e"],"level":"info","method":"POST","msg":"received request","plugin_name":"e2e","time":"2022-05-30T06:41:10Z","url":{"Scheme":"","Opaque":"","User":null,"Host":"","Path":"/api/v1/progress/global/e2e","RawPath":"","ForceQuery":false,"RawQuery":"","Fragment":"","RawFragment":""}}
{"client_cert":["e2e"],"level":"info","method":"POST","msg":"received request","plugin_name":"e2e","time":"2022-05-30T06:41:24Z","url":{"Scheme":"","Opaque":"","User":null,"Host":"","Path":"/api/v1/progress/global/e2e","RawPath":"","ForceQuery":false,"RawQuery":"","Fragment":"","RawFragment":""}}
{"client_cert":["e2e"],"level":"info","method":"POST","msg":"received request","plugin_name":"e2e","time":"2022-05-30T06:41:24Z","url":{"Scheme":"","Opaque":"","User":null,"Host":"","Path":"/api/v1/progress/global/e2e","RawPath":"","ForceQuery":false,"RawQuery":"","Fragment":"","RawFragment":""}}
{"client_cert":["e2e"],"level":"info","method":"POST","msg":"received request","plugin_name":"e2e","time":"2022-05-30T06:41:31Z","url":{"Scheme":"","Opaque":"","User":null,"Host":"","Path":"/api/v1/progress/global/e2e","RawPath":"","ForceQuery":false,"RawQuery":"","Fragment":"","RawFragment":""}}
{"client_cert":["e2e"],"level":"info","method":"POST","msg":"received request","plugin_name":"e2e","time":"2022-05-30T06:42:32Z","url":{"Scheme":"","Opaque":"","User":null,"Host":"","Path":"/api/v1/progress/global/e2e","RawPath":"","ForceQuery":false,"RawQuery":"","Fragment":"","RawFragment":""}}
{"client_cert":["e2e"],"level":"info","method":"POST","msg":"received request","plugin_name":"e2e","time":"2022-05-30T06:42:50Z","url":{"Scheme":"","Opaque":"","User":null,"Host":"","Path":"/api/v1/progress/global/e2e","RawPath":"","ForceQuery":false,"RawQuery":"","Fragment":"","RawFragment":""}}
{"client_cert":["e2e"],"level":"info","method":"POST","msg":"received request","plugin_name":"e2e","time":"2022-05-30T06:43:19Z","url":{"Scheme":"","Opaque":"","User":null,"Host":"","Path":"/api/v1/progress/global/e2e","RawPath":"","ForceQuery":false,"RawQuery":"","Fragment":"","RawFragment":""}}
{"client_cert":["e2e"],"level":"info","method":"POST","msg":"received request","plugin_name":"e2e","time":"2022-05-30T06:44:19Z","url":{"Scheme":"","Opaque":"","User":null,"Host":"","Path":"/api/v1/progress/global/e2e","RawPath":"","ForceQuery":false,"RawQuery":"","Fragment":"","RawFragment":""}}
{"client_cert":["e2e"],"level":"info","method":"POST","msg":"received request","plugin_name":"e2e","time":"2022-05-30T06:44:24Z","url":{"Scheme":"","Opaque":"","User":null,"Host":"","Path":"/api/v1/progress/global/e2e","RawPath":"","ForceQuery":false,"RawQuery":"","Fragment":"","RawFragment":""}}
{"client_cert":["e2e"],"level":"info","method":"POST","msg":"received request","plugin_name":"e2e","time":"2022-05-30T06:44:33Z","url":{"Scheme":"","Opaque":"","User":null,"Host":"","Path":"/api/v1/progress/global/e2e","RawPath":"","ForceQuery":false,"RawQuery":"","Fragment":"","RawFragment":""}}
{"client_cert":["e2e"],"level":"info","method":"POST","msg":"received request","plugin_name":"e2e","time":"2022-05-30T06:45:06Z","url":{"Scheme":"","Opaque":"","User":null,"Host":"","Path":"/api/v1/progress/global/e2e","RawPath":"","ForceQuery":false,"RawQuery":"","Fragment":"","RawFragment":""}}
{"client_cert":["e2e"],"level":"info","method":"POST","msg":"received request","plugin_name":"e2e","time":"2022-05-30T06:45:17Z","url":{"Scheme":"","Opaque":"","User":null,"Host":"","Path":"/api/v1/progress/global/e2e","RawPath":"","ForceQuery":false,"RawQuery":"","Fragment":"","RawFragment":""}}
{"client_cert":["e2e"],"level":"info","method":"POST","msg":"received request","plugin_name":"e2e","time":"2022-05-30T06:45:23Z","url":{"Scheme":"","Opaque":"","User":null,"Host":"","Path":"/api/v1/progress/global/e2e","RawPath":"","ForceQuery":false,"RawQuery":"","Fragment":"","RawFragment":""}}
{"client_cert":["e2e"],"level":"info","method":"POST","msg":"received request","plugin_name":"e2e","time":"2022-05-30T06:45:23Z","url":{"Scheme":"","Opaque":"","User":null,"Host":"","Path":"/api/v1/progress/global/e2e","RawPath":"","ForceQuery":false,"RawQuery":"","Fragment":"","RawFragment":""}}
{"client_cert":["e2e"],"level":"info","method":"POST","msg":"received request","plugin_name":"e2e","time":"2022-05-30T06:45:37Z","url":{"Scheme":"","Opaque":"","User":null,"Host":"","Path":"/api/v1/progress/global/e2e","RawPath":"","ForceQuery":false,"RawQuery":"","Fragment":"","RawFragment":""}}
{"client_cert":["e2e"],"level":"info","method":"POST","msg":"received request","plugin_name":"e2e","time":"2022-05-30T06:45:42Z","url":{"Scheme":"","Opaque":"","User":null,"Host":"","Path":"/api/v1/progress/global/e2e","RawPath":"","ForceQuery":false,"RawQuery":"","Fragment":"","RawFragment":""}}
{"client_cert":["e2e"],"level":"info","method":"POST","msg":"received request","plugin_name":"e2e","time":"2022-05-30T06:45:51Z","url":{"Scheme":"","Opaque":"","User":null,"Host":"","Path":"/api/v1/progress/global/e2e","RawPath":"","ForceQuery":false,"RawQuery":"","Fragment":"","RawFragment":""}}
{"client_cert":["e2e"],"level":"info","method":"POST","msg":"received request","plugin_name":"e2e","time":"2022-05-30T06:45:59Z","url":{"Scheme":"","Opaque":"","User":null,"Host":"","Path":"/api/v1/progress/global/e2e","RawPath":"","ForceQuery":false,"RawQuery":"","Fragment":"","RawFragment":""}}
{"client_cert":["e2e"],"level":"info","method":"POST","msg":"received request","plugin_name":"e2e","time":"2022-05-30T06:46:06Z","url":{"Scheme":"","Opaque":"","User":null,"Host":"","Path":"/api/v1/progress/global/e2e","RawPath":"","ForceQuery":false,"RawQuery":"","Fragment":"","RawFragment":""}}
{"client_cert":["e2e"],"level":"info","method":"POST","msg":"received request","plugin_name":"e2e","time":"2022-05-30T06:46:12Z","url":{"Scheme":"","Opaque":"","User":null,"Host":"","Path":"/api/v1/progress/global/e2e","RawPath":"","ForceQuery":false,"RawQuery":"","Fragment":"","RawFragment":""}}
{"client_cert":["e2e"],"level":"info","method":"POST","msg":"received request","plugin_name":"e2e","time":"2022-05-30T06:46:12Z","url":{"Scheme":"","Opaque":"","User":null,"Host":"","Path":"/api/v1/progress/global/e2e","RawPath":"","ForceQuery":false,"RawQuery":"","Fragment":"","RawFragment":""}}
{"client_cert":["e2e"],"level":"info","method":"POST","msg":"received request","plugin_name":"e2e","time":"2022-05-30T06:46:19Z","url":{"Scheme":"","Opaque":"","User":null,"Host":"","Path":"/api/v1/progress/global/e2e","RawPath":"","ForceQuery":false,"RawQuery":"","Fragment":"","RawFragment":""}}
{"client_cert":["e2e"],"level":"info","method":"POST","msg":"received request","plugin_name":"e2e","time":"2022-05-30T06:46:24Z","url":{"Scheme":"","Opaque":"","User":null,"Host":"","Path":"/api/v1/progress/global/e2e","RawPath":"","ForceQuery":false,"RawQuery":"","Fragment":"","RawFragment":""}}
{"client_cert":["e2e"],"level":"info","method":"POST","msg":"received request","plugin_name":"e2e","time":"2022-05-30T06:46:29Z","url":{"Scheme":"","Opaque":"","User":null,"Host":"","Path":"/api/v1/progress/global/e2e","RawPath":"","ForceQuery":false,"RawQuery":"","Fragment":"","RawFragment":""}}
{"client_cert":["e2e"],"level":"info","method":"POST","msg":"received request","plugin_name":"e2e","time":"2022-05-30T06:46:36Z","url":{"Scheme":"","Opaque":"","User":null,"Host":"","Path":"/api/v1/progress/global/e2e","RawPath":"","ForceQuery":false,"RawQuery":"","Fragment":"","RawFragment":""}}
{"client_cert":["e2e"],"level":"info","method":"POST","msg":"received request","plugin_name":"e2e","time":"2022-05-30T06:46:42Z","url":{"Scheme":"","Opaque":"","User":null,"Host":"","Path":"/api/v1/progress/global/e2e","RawPath":"","ForceQuery":false,"RawQuery":"","Fragment":"","RawFragment":""}}
{"client_cert":["e2e"],"level":"info","method":"POST","msg":"received request","plugin_name":"e2e","time":"2022-05-30T06:46:50Z","url":{"Scheme":"","Opaque":"","User":null,"Host":"","Path":"/api/v1/progress/global/e2e","RawPath":"","ForceQuery":false,"RawQuery":"","Fragment":"","RawFragment":""}}
{"client_cert":["e2e"],"level":"info","method":"POST","msg":"received request","plugin_name":"e2e","time":"2022-05-30T06:47:01Z","url":{"Scheme":"","Opaque":"","User":null,"Host":"","Path":"/api/v1/progress/global/e2e","RawPath":"","ForceQuery":false,"RawQuery":"","Fragment":"","RawFragment":""}}
{"client_cert":["e2e"],"level":"info","method":"POST","msg":"received request","plugin_name":"e2e","time":"2022-05-30T06:47:01Z","url":{"Scheme":"","Opaque":"","User":null,"Host":"","Path":"/api/v1/progress/global/e2e","RawPath":"","ForceQuery":false,"RawQuery":"","Fragment":"","RawFragment":""}}
{"client_cert":["e2e"],"level":"info","method":"POST","msg":"received request","plugin_name":"e2e","time":"2022-05-30T06:47:02Z","url":{"Scheme":"","Opaque":"","User":null,"Host":"","Path":"/api/v1/progress/global/e2e","RawPath":"","ForceQuery":false,"RawQuery":"","Fragment":"","RawFragment":""}}
{"client_cert":["e2e"],"level":"info","method":"POST","msg":"received request","plugin_name":"e2e","time":"2022-05-30T06:47:18Z","url":{"Scheme":"","Opaque":"","User":null,"Host":"","Path":"/api/v1/progress/global/e2e","RawPath":"","ForceQuery":false,"RawQuery":"","Fragment":"","RawFragment":""}}
{"client_cert":["e2e"],"level":"info","method":"POST","msg":"received request","plugin_name":"e2e","time":"2022-05-30T06:47:19Z","url":{"Scheme":"","Opaque":"","User":null,"Host":"","Path":"/api/v1/progress/global/e2e","RawPath":"","ForceQuery":false,"RawQuery":"","Fragment":"","RawFragment":""}}
{"client_cert":["e2e"],"level":"info","method":"POST","msg":"received request","plugin_name":"e2e","time":"2022-05-30T06:47:25Z","url":{"Scheme":"","Opaque":"","User":null,"Host":"","Path":"/api/v1/progress/global/e2e","RawPath":"","ForceQuery":false,"RawQuery":"","Fragment":"","RawFragment":""}}
{"client_cert":["e2e"],"level":"info","method":"POST","msg":"received request","plugin_name":"e2e","time":"2022-05-30T06:47:38Z","url":{"Scheme":"","Opaque":"","User":null,"Host":"","Path":"/api/v1/progress/global/e2e","RawPath":"","ForceQuery":false,"RawQuery":"","Fragment":"","RawFragment":""}}
{"client_cert":["e2e"],"level":"info","method":"POST","msg":"received request","plugin_name":"e2e","time":"2022-05-30T06:47:38Z","url":{"Scheme":"","Opaque":"","User":null,"Host":"","Path":"/api/v1/progress/global/e2e","RawPath":"","ForceQuery":false,"RawQuery":"","Fragment":"","RawFragment":""}}
{"client_cert":["e2e"],"level":"info","method":"POST","msg":"received request","plugin_name":"e2e","time":"2022-05-30T06:47:50Z","url":{"Scheme":"","Opaque":"","User":null,"Host":"","Path":"/api/v1/progress/global/e2e","RawPath":"","ForceQuery":false,"RawQuery":"","Fragment":"","RawFragment":""}}
{"client_cert":["e2e"],"level":"info","method":"POST","msg":"received request","plugin_name":"e2e","time":"2022-05-30T06:47:57Z","url":{"Scheme":"","Opaque":"","User":null,"Host":"","Path":"/api/v1/progress/global/e2e","RawPath":"","ForceQuery":false,"RawQuery":"","Fragment":"","RawFragment":""}}
{"client_cert":["e2e"],"level":"info","method":"POST","msg":"received request","plugin_name":"e2e","time":"2022-05-30T06:48:08Z","url":{"Scheme":"","Opaque":"","User":null,"Host":"","Path":"/api/v1/progress/global/e2e","RawPath":"","ForceQuery":false,"RawQuery":"","Fragment":"","RawFragment":""}}
{"client_cert":["e2e"],"level":"info","method":"POST","msg":"received request","plugin_name":"e2e","time":"2022-05-30T06:48:14Z","url":{"Scheme":"","Opaque":"","User":null,"Host":"","Path":"/api/v1/progress/global/e2e","RawPath":"","ForceQuery":false,"RawQuery":"","Fragment":"","RawFragment":""}}
{"client_cert":["e2e"],"level":"info","method":"POST","msg":"received request","plugin_name":"e2e","time":"2022-05-30T06:48:20Z","url":{"Scheme":"","Opaque":"","User":null,"Host":"","Path":"/api/v1/progress/global/e2e","RawPath":"","ForceQuery":false,"RawQuery":"","Fragment":"","RawFragment":""}}
{"client_cert":["e2e"],"level":"info","method":"POST","msg":"received request","plugin_name":"e2e","time":"2022-05-30T06:48:24Z","url":{"Scheme":"","Opaque":"","User":null,"Host":"","Path":"/api/v1/progress/global/e2e","RawPath":"","ForceQuery":false,"RawQuery":"","Fragment":"","RawFragment":""}}
{"client_cert":["e2e"],"level":"info","method":"POST","msg":"received request","plugin_name":"e2e","time":"2022-05-30T06:52:32Z","url":{"Scheme":"","Opaque":"","User":null,"Host":"","Path":"/api/v1/progress/global/e2e","RawPath":"","ForceQuery":false,"RawQuery":"","Fragment":"","RawFragment":""}}
{"client_cert":["e2e"],"level":"info","method":"POST","msg":"received request","plugin_name":"e2e","time":"2022-05-30T06:52:38Z","url":{"Scheme":"","Opaque":"","User":null,"Host":"","Path":"/api/v1/progress/global/e2e","RawPath":"","ForceQuery":false,"RawQuery":"","Fragment":"","RawFragment":""}}
{"client_cert":["e2e"],"level":"info","method":"POST","msg":"received request","plugin_name":"e2e","time":"2022-05-30T06:52:52Z","url":{"Scheme":"","Opaque":"","User":null,"Host":"","Path":"/api/v1/progress/global/e2e","RawPath":"","ForceQuery":false,"RawQuery":"","Fragment":"","RawFragment":""}}
{"client_cert":["e2e"],"level":"info","method":"POST","msg":"received request","plugin_name":"e2e","time":"2022-05-30T06:52:58Z","url":{"Scheme":"","Opaque":"","User":null,"Host":"","Path":"/api/v1/progress/global/e2e","RawPath":"","ForceQuery":false,"RawQuery":"","Fragment":"","RawFragment":""}}
{"client_cert":["e2e"],"level":"info","method":"POST","msg":"received request","plugin_name":"e2e","time":"2022-05-30T06:53:15Z","url":{"Scheme":"","Opaque":"","User":null,"Host":"","Path":"/api/v1/progress/global/e2e","RawPath":"","ForceQuery":false,"RawQuery":"","Fragment":"","RawFragment":""}}
{"client_cert":["e2e"],"level":"info","method":"POST","msg":"received request","plugin_name":"e2e","time":"2022-05-30T06:53:27Z","url":{"Scheme":"","Opaque":"","User":null,"Host":"","Path":"/api/v1/progress/global/e2e","RawPath":"","ForceQuery":false,"RawQuery":"","Fragment":"","RawFragment":""}}
{"client_cert":["e2e"],"level":"info","method":"POST","msg":"received request","plugin_name":"e2e","time":"2022-05-30T06:53:31Z","url":{"Scheme":"","Opaque":"","User":null,"Host":"","Path":"/api/v1/progress/global/e2e","RawPath":"","ForceQuery":false,"RawQuery":"","Fragment":"","RawFragment":""}}
{"client_cert":["e2e"],"level":"info","method":"POST","msg":"received request","plugin_name":"e2e","time":"2022-05-30T06:53:57Z","url":{"Scheme":"","Opaque":"","User":null,"Host":"","Path":"/api/v1/progress/global/e2e","RawPath":"","ForceQuery":false,"RawQuery":"","Fragment":"","RawFragment":""}}
{"client_cert":["e2e"],"level":"info","method":"POST","msg":"received request","plugin_name":"e2e","time":"2022-05-30T06:54:02Z","url":{"Scheme":"","Opaque":"","User":null,"Host":"","Path":"/api/v1/progress/global/e2e","RawPath":"","ForceQuery":false,"RawQuery":"","Fragment":"","RawFragment":""}}
{"client_cert":["e2e"],"level":"info","method":"POST","msg":"received request","plugin_name":"e2e","time":"2022-05-30T06:54:24Z","url":{"Scheme":"","Opaque":"","User":null,"Host":"","Path":"/api/v1/progress/global/e2e","RawPath":"","ForceQuery":false,"RawQuery":"","Fragment":"","RawFragment":""}}
{"client_cert":["e2e"],"level":"info","method":"POST","msg":"received request","plugin_name":"e2e","time":"2022-05-30T06:54:41Z","url":{"Scheme":"","Opaque":"","User":null,"Host":"","Path":"/api/v1/progress/global/e2e","RawPath":"","ForceQuery":false,"RawQuery":"","Fragment":"","RawFragment":""}}
{"client_cert":["e2e"],"level":"info","method":"POST","msg":"received request","plugin_name":"e2e","time":"2022-05-30T06:54:53Z","url":{"Scheme":"","Opaque":"","User":null,"Host":"","Path":"/api/v1/progress/global/e2e","RawPath":"","ForceQuery":false,"RawQuery":"","Fragment":"","RawFragment":""}}
{"client_cert":["e2e"],"level":"info","method":"POST","msg":"received request","plugin_name":"e2e","time":"2022-05-30T06:55:25Z","url":{"Scheme":"","Opaque":"","User":null,"Host":"","Path":"/api/v1/progress/global/e2e","RawPath":"","ForceQuery":false,"RawQuery":"","Fragment":"","RawFragment":""}}
{"client_cert":["e2e"],"level":"info","method":"POST","msg":"received request","plugin_name":"e2e","time":"2022-05-30T06:55:31Z","url":{"Scheme":"","Opaque":"","User":null,"Host":"","Path":"/api/v1/progress/global/e2e","RawPath":"","ForceQuery":false,"RawQuery":"","Fragment":"","RawFragment":""}}
{"client_cert":["e2e"],"level":"info","method":"POST","msg":"received request","plugin_name":"e2e","time":"2022-05-30T06:55:55Z","url":{"Scheme":"","Opaque":"","User":null,"Host":"","Path":"/api/v1/progress/global/e2e","RawPath":"","ForceQuery":false,"RawQuery":"","Fragment":"","RawFragment":""}}
{"client_cert":["e2e"],"level":"info","method":"POST","msg":"received request","plugin_name":"e2e","time":"2022-05-30T06:56:11Z","url":{"Scheme":"","Opaque":"","User":null,"Host":"","Path":"/api/v1/progress/global/e2e","RawPath":"","ForceQuery":false,"RawQuery":"","Fragment":"","RawFragment":""}}
{"client_cert":["e2e"],"level":"info","method":"POST","msg":"received request","plugin_name":"e2e","time":"2022-05-30T06:56:18Z","url":{"Scheme":"","Opaque":"","User":null,"Host":"","Path":"/api/v1/progress/global/e2e","RawPath":"","ForceQuery":false,"RawQuery":"","Fragment":"","RawFragment":""}}
{"client_cert":["e2e"],"level":"info","method":"POST","msg":"received request","plugin_name":"e2e","time":"2022-05-30T06:56:24Z","url":{"Scheme":"","Opaque":"","User":null,"Host":"","Path":"/api/v1/progress/global/e2e","RawPath":"","ForceQuery":false,"RawQuery":"","Fragment":"","RawFragment":""}}
{"client_cert":["e2e"],"level":"info","method":"POST","msg":"received request","plugin_name":"e2e","time":"2022-05-30T06:56:34Z","url":{"Scheme":"","Opaque":"","User":null,"Host":"","Path":"/api/v1/progress/global/e2e","RawPath":"","ForceQuery":false,"RawQuery":"","Fragment":"","RawFragment":""}}
{"client_cert":["e2e"],"level":"info","method":"POST","msg":"received request","plugin_name":"e2e","time":"2022-05-30T06:57:00Z","url":{"Scheme":"","Opaque":"","User":null,"Host":"","Path":"/api/v1/progress/global/e2e","RawPath":"","ForceQuery":false,"RawQuery":"","Fragment":"","RawFragment":""}}
{"client_cert":["e2e"],"level":"info","method":"POST","msg":"received request","plugin_name":"e2e","time":"2022-05-30T06:57:15Z","url":{"Scheme":"","Opaque":"","User":null,"Host":"","Path":"/api/v1/progress/global/e2e","RawPath":"","ForceQuery":false,"RawQuery":"","Fragment":"","RawFragment":""}}
{"client_cert":["e2e"],"level":"info","method":"POST","msg":"received request","plugin_name":"e2e","time":"2022-05-30T06:57:21Z","url":{"Scheme":"","Opaque":"","User":null,"Host":"","Path":"/api/v1/progress/global/e2e","RawPath":"","ForceQuery":false,"RawQuery":"","Fragment":"","RawFragment":""}}
{"client_cert":["e2e"],"level":"info","method":"POST","msg":"received request","plugin_name":"e2e","time":"2022-05-30T06:57:39Z","url":{"Scheme":"","Opaque":"","User":null,"Host":"","Path":"/api/v1/progress/global/e2e","RawPath":"","ForceQuery":false,"RawQuery":"","Fragment":"","RawFragment":""}}
{"client_cert":["e2e"],"level":"info","method":"POST","msg":"received request","plugin_name":"e2e","time":"2022-05-30T06:57:47Z","url":{"Scheme":"","Opaque":"","User":null,"Host":"","Path":"/api/v1/progress/global/e2e","RawPath":"","ForceQuery":false,"RawQuery":"","Fragment":"","RawFragment":""}}
{"client_cert":["e2e"],"level":"info","method":"POST","msg":"received request","plugin_name":"e2e","time":"2022-05-30T06:57:53Z","url":{"Scheme":"","Opaque":"","User":null,"Host":"","Path":"/api/v1/progress/global/e2e","RawPath":"","ForceQuery":false,"RawQuery":"","Fragment":"","RawFragment":""}}
{"client_cert":["e2e"],"level":"info","method":"POST","msg":"received request","plugin_name":"e2e","time":"2022-05-30T06:57:57Z","url":{"Scheme":"","Opaque":"","User":null,"Host":"","Path":"/api/v1/progress/global/e2e","RawPath":"","ForceQuery":false,"RawQuery":"","Fragment":"","RawFragment":""}}
{"client_cert":["e2e"],"level":"info","method":"POST","msg":"received request","plugin_name":"e2e","time":"2022-05-30T06:58:02Z","url":{"Scheme":"","Opaque":"","User":null,"Host":"","Path":"/api/v1/progress/global/e2e","RawPath":"","ForceQuery":false,"RawQuery":"","Fragment":"","RawFragment":""}}
{"client_cert":["e2e"],"level":"info","method":"POST","msg":"received request","plugin_name":"e2e","time":"2022-05-30T06:59:04Z","url":{"Scheme":"","Opaque":"","User":null,"Host":"","Path":"/api/v1/progress/global/e2e","RawPath":"","ForceQuery":false,"RawQuery":"","Fragment":"","RawFragment":""}}
{"client_cert":["e2e"],"level":"info","method":"POST","msg":"received request","plugin_name":"e2e","time":"2022-05-30T07:00:47Z","url":{"Scheme":"","Opaque":"","User":null,"Host":"","Path":"/api/v1/progress/global/e2e","RawPath":"","ForceQuery":false,"RawQuery":"","Fragment":"","RawFragment":""}}
{"client_cert":["e2e"],"level":"info","method":"POST","msg":"received request","plugin_name":"e2e","time":"2022-05-30T07:00:48Z","url":{"Scheme":"","Opaque":"","User":null,"Host":"","Path":"/api/v1/progress/global/e2e","RawPath":"","ForceQuery":false,"RawQuery":"","Fragment":"","RawFragment":""}}
{"client_cert":["e2e"],"level":"info","method":"POST","msg":"received request","plugin_name":"e2e","time":"2022-05-30T07:01:08Z","url":{"Scheme":"","Opaque":"","User":null,"Host":"","Path":"/api/v1/progress/global/e2e","RawPath":"","ForceQuery":false,"RawQuery":"","Fragment":"","RawFragment":""}}
{"client_cert":["e2e"],"level":"info","method":"POST","msg":"received request","plugin_name":"e2e","time":"2022-05-30T07:01:08Z","url":{"Scheme":"","Opaque":"","User":null,"Host":"","Path":"/api/v1/progress/global/e2e","RawPath":"","ForceQuery":false,"RawQuery":"","Fragment":"","RawFragment":""}}
{"client_cert":["e2e"],"level":"info","method":"POST","msg":"received request","plugin_name":"e2e","time":"2022-05-30T07:01:37Z","url":{"Scheme":"","Opaque":"","User":null,"Host":"","Path":"/api/v1/progress/global/e2e","RawPath":"","ForceQuery":false,"RawQuery":"","Fragment":"","RawFragment":""}}
{"client_cert":["e2e"],"level":"info","method":"POST","msg":"received request","plugin_name":"e2e","time":"2022-05-30T07:01:45Z","url":{"Scheme":"","Opaque":"","User":null,"Host":"","Path":"/api/v1/progress/global/e2e","RawPath":"","ForceQuery":false,"RawQuery":"","Fragment":"","RawFragment":""}}
{"client_cert":["e2e"],"level":"info","method":"POST","msg":"received request","plugin_name":"e2e","time":"2022-05-30T07:02:16Z","url":{"Scheme":"","Opaque":"","User":null,"Host":"","Path":"/api/v1/progress/global/e2e","RawPath":"","ForceQuery":false,"RawQuery":"","Fragment":"","RawFragment":""}}
{"client_cert":["e2e"],"level":"info","method":"POST","msg":"received request","plugin_name":"e2e","time":"2022-05-30T07:02:16Z","url":{"Scheme":"","Opaque":"","User":null,"Host":"","Path":"/api/v1/progress/global/e2e","RawPath":"","ForceQuery":false,"RawQuery":"","Fragment":"","RawFragment":""}}
{"client_cert":["e2e"],"level":"info","method":"POST","msg":"received request","plugin_name":"e2e","time":"2022-05-30T07:02:29Z","url":{"Scheme":"","Opaque":"","User":null,"Host":"","Path":"/api/v1/progress/global/e2e","RawPath":"","ForceQuery":false,"RawQuery":"","Fragment":"","RawFragment":""}}
{"client_cert":["e2e"],"level":"info","method":"POST","msg":"received request","plugin_name":"e2e","time":"2022-05-30T07:05:08Z","url":{"Scheme":"","Opaque":"","User":null,"Host":"","Path":"/api/v1/progress/global/e2e","RawPath":"","ForceQuery":false,"RawQuery":"","Fragment":"","RawFragment":""}}
{"client_cert":["e2e"],"level":"info","method":"POST","msg":"received request","plugin_name":"e2e","time":"2022-05-30T07:05:12Z","url":{"Scheme":"","Opaque":"","User":null,"Host":"","Path":"/api/v1/progress/global/e2e","RawPath":"","ForceQuery":false,"RawQuery":"","Fragment":"","RawFragment":""}}
{"client_cert":["e2e"],"level":"info","method":"POST","msg":"received request","plugin_name":"e2e","time":"2022-05-30T07:05:22Z","url":{"Scheme":"","Opaque":"","User":null,"Host":"","Path":"/api/v1/progress/global/e2e","RawPath":"","ForceQuery":false,"RawQuery":"","Fragment":"","RawFragment":""}}
{"client_cert":["e2e"],"level":"info","method":"POST","msg":"received request","plugin_name":"e2e","time":"2022-05-30T07:06:12Z","url":{"Scheme":"","Opaque":"","User":null,"Host":"","Path":"/api/v1/progress/global/e2e","RawPath":"","ForceQuery":false,"RawQuery":"","Fragment":"","RawFragment":""}}
{"client_cert":["e2e"],"level":"info","method":"POST","msg":"received request","plugin_name":"e2e","time":"2022-05-30T07:06:27Z","url":{"Scheme":"","Opaque":"","User":null,"Host":"","Path":"/api/v1/progress/global/e2e","RawPath":"","ForceQuery":false,"RawQuery":"","Fragment":"","RawFragment":""}}
{"client_cert":["e2e"],"level":"info","method":"POST","msg":"received request","plugin_name":"e2e","time":"2022-05-30T07:07:05Z","url":{"Scheme":"","Opaque":"","User":null,"Host":"","Path":"/api/v1/progress/global/e2e","RawPath":"","ForceQuery":false,"RawQuery":"","Fragment":"","RawFragment":""}}
{"client_cert":["e2e"],"level":"info","method":"POST","msg":"received request","plugin_name":"e2e","time":"2022-05-30T07:07:45Z","url":{"Scheme":"","Opaque":"","User":null,"Host":"","Path":"/api/v1/progress/global/e2e","RawPath":"","ForceQuery":false,"RawQuery":"","Fragment":"","RawFragment":""}}
{"client_cert":["e2e"],"level":"info","method":"POST","msg":"received request","plugin_name":"e2e","time":"2022-05-30T07:07:55Z","url":{"Scheme":"","Opaque":"","User":null,"Host":"","Path":"/api/v1/progress/global/e2e","RawPath":"","ForceQuery":false,"RawQuery":"","Fragment":"","RawFragment":""}}
{"client_cert":["e2e"],"level":"info","method":"POST","msg":"received request","plugin_name":"e2e","time":"2022-05-30T07:08:05Z","url":{"Scheme":"","Opaque":"","User":null,"Host":"","Path":"/api/v1/progress/global/e2e","RawPath":"","ForceQuery":false,"RawQuery":"","Fragment":"","RawFragment":""}}
{"client_cert":["e2e"],"level":"info","method":"POST","msg":"received request","plugin_name":"e2e","time":"2022-05-30T07:08:43Z","url":{"Scheme":"","Opaque":"","User":null,"Host":"","Path":"/api/v1/progress/global/e2e","RawPath":"","ForceQuery":false,"RawQuery":"","Fragment":"","RawFragment":""}}
{"client_cert":["e2e"],"level":"info","method":"POST","msg":"received request","plugin_name":"e2e","time":"2022-05-30T07:08:52Z","url":{"Scheme":"","Opaque":"","User":null,"Host":"","Path":"/api/v1/progress/global/e2e","RawPath":"","ForceQuery":false,"RawQuery":"","Fragment":"","RawFragment":""}}
{"client_cert":["e2e"],"level":"info","method":"POST","msg":"received request","plugin_name":"e2e","time":"2022-05-30T07:08:53Z","url":{"Scheme":"","Opaque":"","User":null,"Host":"","Path":"/api/v1/progress/global/e2e","RawPath":"","ForceQuery":false,"RawQuery":"","Fragment":"","RawFragment":""}}
{"client_cert":["e2e"],"level":"info","method":"POST","msg":"received request","plugin_name":"e2e","time":"2022-05-30T07:09:01Z","url":{"Scheme":"","Opaque":"","User":null,"Host":"","Path":"/api/v1/progress/global/e2e","RawPath":"","ForceQuery":false,"RawQuery":"","Fragment":"","RawFragment":""}}
{"client_cert":["e2e"],"level":"info","method":"POST","msg":"received request","plugin_name":"e2e","time":"2022-05-30T07:09:15Z","url":{"Scheme":"","Opaque":"","User":null,"Host":"","Path":"/api/v1/progress/global/e2e","RawPath":"","ForceQuery":false,"RawQuery":"","Fragment":"","RawFragment":""}}
{"client_cert":["e2e"],"level":"info","method":"POST","msg":"received request","plugin_name":"e2e","time":"2022-05-30T07:09:29Z","url":{"Scheme":"","Opaque":"","User":null,"Host":"","Path":"/api/v1/progress/global/e2e","RawPath":"","ForceQuery":false,"RawQuery":"","Fragment":"","RawFragment":""}}
{"client_cert":["e2e"],"level":"info","method":"POST","msg":"received request","plugin_name":"e2e","time":"2022-05-30T07:10:35Z","url":{"Scheme":"","Opaque":"","User":null,"Host":"","Path":"/api/v1/progress/global/e2e","RawPath":"","ForceQuery":false,"RawQuery":"","Fragment":"","RawFragment":""}}
{"client_cert":["e2e"],"level":"info","method":"POST","msg":"received request","plugin_name":"e2e","time":"2022-05-30T07:10:44Z","url":{"Scheme":"","Opaque":"","User":null,"Host":"","Path":"/api/v1/progress/global/e2e","RawPath":"","ForceQuery":false,"RawQuery":"","Fragment":"","RawFragment":""}}
{"client_cert":["e2e"],"level":"info","method":"POST","msg":"received request","plugin_name":"e2e","time":"2022-05-30T07:10:52Z","url":{"Scheme":"","Opaque":"","User":null,"Host":"","Path":"/api/v1/progress/global/e2e","RawPath":"","ForceQuery":false,"RawQuery":"","Fragment":"","RawFragment":""}}
{"client_cert":["e2e"],"level":"info","method":"POST","msg":"received request","plugin_name":"e2e","time":"2022-05-30T07:10:59Z","url":{"Scheme":"","Opaque":"","User":null,"Host":"","Path":"/api/v1/progress/global/e2e","RawPath":"","ForceQuery":false,"RawQuery":"","Fragment":"","RawFragment":""}}
{"client_cert":["e2e"],"level":"info","method":"POST","msg":"received request","plugin_name":"e2e","time":"2022-05-30T07:12:15Z","url":{"Scheme":"","Opaque":"","User":null,"Host":"","Path":"/api/v1/progress/global/e2e","RawPath":"","ForceQuery":false,"RawQuery":"","Fragment":"","RawFragment":""}}
{"client_cert":["e2e"],"level":"info","method":"POST","msg":"received request","plugin_name":"e2e","time":"2022-05-30T07:12:16Z","url":{"Scheme":"","Opaque":"","User":null,"Host":"","Path":"/api/v1/progress/global/e2e","RawPath":"","ForceQuery":false,"RawQuery":"","Fragment":"","RawFragment":""}}
{"client_cert":["e2e"],"level":"info","method":"POST","msg":"received request","plugin_name":"e2e","time":"2022-05-30T07:12:27Z","url":{"Scheme":"","Opaque":"","User":null,"Host":"","Path":"/api/v1/progress/global/e2e","RawPath":"","ForceQuery":false,"RawQuery":"","Fragment":"","RawFragment":""}}
{"client_cert":["e2e"],"level":"info","method":"POST","msg":"received request","plugin_name":"e2e","time":"2022-05-30T07:12:42Z","url":{"Scheme":"","Opaque":"","User":null,"Host":"","Path":"/api/v1/progress/global/e2e","RawPath":"","ForceQuery":false,"RawQuery":"","Fragment":"","RawFragment":""}}
{"client_cert":["e2e"],"level":"info","method":"POST","msg":"received request","plugin_name":"e2e","time":"2022-05-30T07:13:24Z","url":{"Scheme":"","Opaque":"","User":null,"Host":"","Path":"/api/v1/progress/global/e2e","RawPath":"","ForceQuery":false,"RawQuery":"","Fragment":"","RawFragment":""}}
{"client_cert":["e2e"],"level":"info","method":"POST","msg":"received request","plugin_name":"e2e","time":"2022-05-30T07:13:35Z","url":{"Scheme":"","Opaque":"","User":null,"Host":"","Path":"/api/v1/progress/global/e2e","RawPath":"","ForceQuery":false,"RawQuery":"","Fragment":"","RawFragment":""}}
{"client_cert":["e2e"],"level":"info","method":"POST","msg":"received request","plugin_name":"e2e","time":"2022-05-30T07:13:45Z","url":{"Scheme":"","Opaque":"","User":null,"Host":"","Path":"/api/v1/progress/global/e2e","RawPath":"","ForceQuery":false,"RawQuery":"","Fragment":"","RawFragment":""}}
{"client_cert":["e2e"],"level":"info","method":"POST","msg":"received request","plugin_name":"e2e","time":"2022-05-30T07:13:55Z","url":{"Scheme":"","Opaque":"","User":null,"Host":"","Path":"/api/v1/progress/global/e2e","RawPath":"","ForceQuery":false,"RawQuery":"","Fragment":"","RawFragment":""}}
{"client_cert":["e2e"],"level":"info","method":"POST","msg":"received request","plugin_name":"e2e","time":"2022-05-30T07:19:54Z","url":{"Scheme":"","Opaque":"","User":null,"Host":"","Path":"/api/v1/progress/global/e2e","RawPath":"","ForceQuery":false,"RawQuery":"","Fragment":"","RawFragment":""}}
{"client_cert":["e2e"],"level":"info","method":"POST","msg":"received request","plugin_name":"e2e","time":"2022-05-30T07:20:00Z","url":{"Scheme":"","Opaque":"","User":null,"Host":"","Path":"/api/v1/progress/global/e2e","RawPath":"","ForceQuery":false,"RawQuery":"","Fragment":"","RawFragment":""}}
{"client_cert":["e2e"],"level":"info","method":"POST","msg":"received request","plugin_name":"e2e","time":"2022-05-30T07:20:06Z","url":{"Scheme":"","Opaque":"","User":null,"Host":"","Path":"/api/v1/progress/global/e2e","RawPath":"","ForceQuery":false,"RawQuery":"","Fragment":"","RawFragment":""}}
{"client_cert":["e2e"],"level":"info","method":"POST","msg":"received request","plugin_name":"e2e","time":"2022-05-30T07:20:13Z","url":{"Scheme":"","Opaque":"","User":null,"Host":"","Path":"/api/v1/progress/global/e2e","RawPath":"","ForceQuery":false,"RawQuery":"","Fragment":"","RawFragment":""}}
{"client_cert":["e2e"],"level":"info","method":"POST","msg":"received request","plugin_name":"e2e","time":"2022-05-30T07:20:24Z","url":{"Scheme":"","Opaque":"","User":null,"Host":"","Path":"/api/v1/progress/global/e2e","RawPath":"","ForceQuery":false,"RawQuery":"","Fragment":"","RawFragment":""}}
{"client_cert":["e2e"],"level":"info","method":"POST","msg":"received request","plugin_name":"e2e","time":"2022-05-30T07:20:29Z","url":{"Scheme":"","Opaque":"","User":null,"Host":"","Path":"/api/v1/progress/global/e2e","RawPath":"","ForceQuery":false,"RawQuery":"","Fragment":"","RawFragment":""}}
{"client_cert":["e2e"],"level":"info","method":"POST","msg":"received request","plugin_name":"e2e","time":"2022-05-30T07:20:38Z","url":{"Scheme":"","Opaque":"","User":null,"Host":"","Path":"/api/v1/progress/global/e2e","RawPath":"","ForceQuery":false,"RawQuery":"","Fragment":"","RawFragment":""}}
{"client_cert":["e2e"],"level":"info","method":"POST","msg":"received request","plugin_name":"e2e","time":"2022-05-30T07:20:43Z","url":{"Scheme":"","Opaque":"","User":null,"Host":"","Path":"/api/v1/progress/global/e2e","RawPath":"","ForceQuery":false,"RawQuery":"","Fragment":"","RawFragment":""}}
{"client_cert":["e2e"],"level":"info","method":"POST","msg":"received request","plugin_name":"e2e","time":"2022-05-30T07:22:25Z","url":{"Scheme":"","Opaque":"","User":null,"Host":"","Path":"/api/v1/progress/global/e2e","RawPath":"","ForceQuery":false,"RawQuery":"","Fragment":"","RawFragment":""}}
{"client_cert":["e2e"],"level":"info","method":"POST","msg":"received request","plugin_name":"e2e","time":"2022-05-30T07:22:36Z","url":{"Scheme":"","Opaque":"","User":null,"Host":"","Path":"/api/v1/progress/global/e2e","RawPath":"","ForceQuery":false,"RawQuery":"","Fragment":"","RawFragment":""}}
{"client_cert":["e2e"],"level":"info","method":"POST","msg":"received request","plugin_name":"e2e","time":"2022-05-30T07:22:47Z","url":{"Scheme":"","Opaque":"","User":null,"Host":"","Path":"/api/v1/progress/global/e2e","RawPath":"","ForceQuery":false,"RawQuery":"","Fragment":"","RawFragment":""}}
{"client_cert":["e2e"],"level":"info","method":"POST","msg":"received request","plugin_name":"e2e","time":"2022-05-30T07:22:56Z","url":{"Scheme":"","Opaque":"","User":null,"Host":"","Path":"/api/v1/progress/global/e2e","RawPath":"","ForceQuery":false,"RawQuery":"","Fragment":"","RawFragment":""}}
{"client_cert":["e2e"],"level":"info","method":"POST","msg":"received request","plugin_name":"e2e","time":"2022-05-30T07:25:00Z","url":{"Scheme":"","Opaque":"","User":null,"Host":"","Path":"/api/v1/progress/global/e2e","RawPath":"","ForceQuery":false,"RawQuery":"","Fragment":"","RawFragment":""}}
{"client_cert":["e2e"],"level":"info","method":"POST","msg":"received request","plugin_name":"e2e","time":"2022-05-30T07:25:07Z","url":{"Scheme":"","Opaque":"","User":null,"Host":"","Path":"/api/v1/progress/global/e2e","RawPath":"","ForceQuery":false,"RawQuery":"","Fragment":"","RawFragment":""}}
{"client_cert":["e2e"],"level":"info","method":"POST","msg":"received request","plugin_name":"e2e","time":"2022-05-30T07:25:34Z","url":{"Scheme":"","Opaque":"","User":null,"Host":"","Path":"/api/v1/progress/global/e2e","RawPath":"","ForceQuery":false,"RawQuery":"","Fragment":"","RawFragment":""}}
{"client_cert":["e2e"],"level":"info","method":"POST","msg":"received request","plugin_name":"e2e","time":"2022-05-30T07:26:47Z","url":{"Scheme":"","Opaque":"","User":null,"Host":"","Path":"/api/v1/progress/global/e2e","RawPath":"","ForceQuery":false,"RawQuery":"","Fragment":"","RawFragment":""}}
{"client_cert":["e2e"],"level":"info","method":"POST","msg":"received request","plugin_name":"e2e","time":"2022-05-30T07:26:49Z","url":{"Scheme":"","Opaque":"","User":null,"Host":"","Path":"/api/v1/progress/global/e2e","RawPath":"","ForceQuery":false,"RawQuery":"","Fragment":"","RawFragment":""}}
{"client_cert":["e2e"],"level":"info","method":"POST","msg":"received request","plugin_name":"e2e","time":"2022-05-30T07:27:19Z","url":{"Scheme":"","Opaque":"","User":null,"Host":"","Path":"/api/v1/progress/global/e2e","RawPath":"","ForceQuery":false,"RawQuery":"","Fragment":"","RawFragment":""}}
{"client_cert":["e2e"],"level":"info","method":"POST","msg":"received request","plugin_name":"e2e","time":"2022-05-30T07:27:27Z","url":{"Scheme":"","Opaque":"","User":null,"Host":"","Path":"/api/v1/progress/global/e2e","RawPath":"","ForceQuery":false,"RawQuery":"","Fragment":"","RawFragment":""}}
{"client_cert":["e2e"],"level":"info","method":"POST","msg":"received request","plugin_name":"e2e","time":"2022-05-30T07:27:37Z","url":{"Scheme":"","Opaque":"","User":null,"Host":"","Path":"/api/v1/progress/global/e2e","RawPath":"","ForceQuery":false,"RawQuery":"","Fragment":"","RawFragment":""}}
{"client_cert":["e2e"],"level":"info","method":"POST","msg":"received request","plugin_name":"e2e","time":"2022-05-30T07:27:38Z","url":{"Scheme":"","Opaque":"","User":null,"Host":"","Path":"/api/v1/progress/global/e2e","RawPath":"","ForceQuery":false,"RawQuery":"","Fragment":"","RawFragment":""}}
{"client_cert":["e2e"],"level":"info","method":"POST","msg":"received request","plugin_name":"e2e","time":"2022-05-30T07:33:00Z","url":{"Scheme":"","Opaque":"","User":null,"Host":"","Path":"/api/v1/progress/global/e2e","RawPath":"","ForceQuery":false,"RawQuery":"","Fragment":"","RawFragment":""}}
{"client_cert":["e2e"],"level":"info","method":"POST","msg":"received request","plugin_name":"e2e","time":"2022-05-30T07:33:35Z","url":{"Scheme":"","Opaque":"","User":null,"Host":"","Path":"/api/v1/progress/global/e2e","RawPath":"","ForceQuery":false,"RawQuery":"","Fragment":"","RawFragment":""}}
{"client_cert":["e2e"],"level":"info","method":"POST","msg":"received request","plugin_name":"e2e","time":"2022-05-30T07:34:01Z","url":{"Scheme":"","Opaque":"","User":null,"Host":"","Path":"/api/v1/progress/global/e2e","RawPath":"","ForceQuery":false,"RawQuery":"","Fragment":"","RawFragment":""}}
{"client_cert":["e2e"],"level":"info","method":"POST","msg":"received request","plugin_name":"e2e","time":"2022-05-30T07:34:06Z","url":{"Scheme":"","Opaque":"","User":null,"Host":"","Path":"/api/v1/progress/global/e2e","RawPath":"","ForceQuery":false,"RawQuery":"","Fragment":"","RawFragment":""}}
{"client_cert":["e2e"],"level":"info","method":"POST","msg":"received request","plugin_name":"e2e","time":"2022-05-30T07:34:07Z","url":{"Scheme":"","Opaque":"","User":null,"Host":"","Path":"/api/v1/progress/global/e2e","RawPath":"","ForceQuery":false,"RawQuery":"","Fragment":"","RawFragment":""}}
{"client_cert":["e2e"],"level":"info","method":"POST","msg":"received request","plugin_name":"e2e","time":"2022-05-30T07:34:40Z","url":{"Scheme":"","Opaque":"","User":null,"Host":"","Path":"/api/v1/progress/global/e2e","RawPath":"","ForceQuery":false,"RawQuery":"","Fragment":"","RawFragment":""}}
{"client_cert":["e2e"],"level":"info","method":"POST","msg":"received request","plugin_name":"e2e","time":"2022-05-30T07:36:35Z","url":{"Scheme":"","Opaque":"","User":null,"Host":"","Path":"/api/v1/progress/global/e2e","RawPath":"","ForceQuery":false,"RawQuery":"","Fragment":"","RawFragment":""}}
{"client_cert":["e2e"],"level":"info","method":"POST","msg":"received request","plugin_name":"e2e","time":"2022-05-30T07:40:42Z","url":{"Scheme":"","Opaque":"","User":null,"Host":"","Path":"/api/v1/progress/global/e2e","RawPath":"","ForceQuery":false,"RawQuery":"","Fragment":"","RawFragment":""}}
{"client_cert":["e2e"],"level":"info","method":"POST","msg":"received request","plugin_name":"e2e","time":"2022-05-30T07:40:53Z","url":{"Scheme":"","Opaque":"","User":null,"Host":"","Path":"/api/v1/progress/global/e2e","RawPath":"","ForceQuery":false,"RawQuery":"","Fragment":"","RawFragment":""}}
{"client_cert":["e2e"],"level":"info","method":"POST","msg":"received request","plugin_name":"e2e","time":"2022-05-30T07:41:13Z","url":{"Scheme":"","Opaque":"","User":null,"Host":"","Path":"/api/v1/progress/global/e2e","RawPath":"","ForceQuery":false,"RawQuery":"","Fragment":"","RawFragment":""}}
{"client_cert":["e2e"],"level":"info","method":"POST","msg":"received request","plugin_name":"e2e","time":"2022-05-30T07:42:56Z","url":{"Scheme":"","Opaque":"","User":null,"Host":"","Path":"/api/v1/progress/global/e2e","RawPath":"","ForceQuery":false,"RawQuery":"","Fragment":"","RawFragment":""}}
{"client_cert":["e2e"],"level":"info","method":"POST","msg":"received request","plugin_name":"e2e","time":"2022-05-30T07:43:06Z","url":{"Scheme":"","Opaque":"","User":null,"Host":"","Path":"/api/v1/progress/global/e2e","RawPath":"","ForceQuery":false,"RawQuery":"","Fragment":"","RawFragment":""}}
{"client_cert":["e2e"],"level":"info","method":"POST","msg":"received request","plugin_name":"e2e","time":"2022-05-30T07:43:21Z","url":{"Scheme":"","Opaque":"","User":null,"Host":"","Path":"/api/v1/progress/global/e2e","RawPath":"","ForceQuery":false,"RawQuery":"","Fragment":"","RawFragment":""}}
{"client_cert":["e2e"],"level":"info","method":"POST","msg":"received request","plugin_name":"e2e","time":"2022-05-30T07:43:21Z","url":{"Scheme":"","Opaque":"","User":null,"Host":"","Path":"/api/v1/progress/global/e2e","RawPath":"","ForceQuery":false,"RawQuery":"","Fragment":"","RawFragment":""}}
{"client_cert":["e2e"],"level":"info","method":"POST","msg":"received request","plugin_name":"e2e","time":"2022-05-30T07:43:25Z","url":{"Scheme":"","Opaque":"","User":null,"Host":"","Path":"/api/v1/progress/global/e2e","RawPath":"","ForceQuery":false,"RawQuery":"","Fragment":"","RawFragment":""}}
{"client_cert":["e2e"],"level":"info","method":"POST","msg":"received request","plugin_name":"e2e","time":"2022-05-30T07:43:41Z","url":{"Scheme":"","Opaque":"","User":null,"Host":"","Path":"/api/v1/progress/global/e2e","RawPath":"","ForceQuery":false,"RawQuery":"","Fragment":"","RawFragment":""}}
{"client_cert":["e2e"],"level":"info","method":"POST","msg":"received request","plugin_name":"e2e","time":"2022-05-30T07:44:05Z","url":{"Scheme":"","Opaque":"","User":null,"Host":"","Path":"/api/v1/progress/global/e2e","RawPath":"","ForceQuery":false,"RawQuery":"","Fragment":"","RawFragment":""}}
{"client_cert":["e2e"],"level":"info","method":"POST","msg":"received request","plugin_name":"e2e","time":"2022-05-30T07:44:12Z","url":{"Scheme":"","Opaque":"","User":null,"Host":"","Path":"/api/v1/progress/global/e2e","RawPath":"","ForceQuery":false,"RawQuery":"","Fragment":"","RawFragment":""}}
{"client_cert":["e2e"],"level":"info","method":"POST","msg":"received request","plugin_name":"e2e","time":"2022-05-30T07:44:12Z","url":{"Scheme":"","Opaque":"","User":null,"Host":"","Path":"/api/v1/progress/global/e2e","RawPath":"","ForceQuery":false,"RawQuery":"","Fragment":"","RawFragment":""}}
{"client_cert":["e2e"],"level":"info","method":"POST","msg":"received request","plugin_name":"e2e","time":"2022-05-30T07:44:41Z","url":{"Scheme":"","Opaque":"","User":null,"Host":"","Path":"/api/v1/progress/global/e2e","RawPath":"","ForceQuery":false,"RawQuery":"","Fragment":"","RawFragment":""}}
{"client_cert":["e2e"],"level":"info","method":"POST","msg":"received request","plugin_name":"e2e","time":"2022-05-30T07:44:51Z","url":{"Scheme":"","Opaque":"","User":null,"Host":"","Path":"/api/v1/progress/global/e2e","RawPath":"","ForceQuery":false,"RawQuery":"","Fragment":"","RawFragment":""}}
{"client_cert":["e2e"],"level":"info","method":"POST","msg":"received request","plugin_name":"e2e","time":"2022-05-30T07:45:02Z","url":{"Scheme":"","Opaque":"","User":null,"Host":"","Path":"/api/v1/progress/global/e2e","RawPath":"","ForceQuery":false,"RawQuery":"","Fragment":"","RawFragment":""}}
{"client_cert":["e2e"],"level":"info","method":"POST","msg":"received request","plugin_name":"e2e","time":"2022-05-30T07:45:10Z","url":{"Scheme":"","Opaque":"","User":null,"Host":"","Path":"/api/v1/progress/global/e2e","RawPath":"","ForceQuery":false,"RawQuery":"","Fragment":"","RawFragment":""}}
{"client_cert":["e2e"],"level":"info","method":"POST","msg":"received request","plugin_name":"e2e","time":"2022-05-30T07:45:19Z","url":{"Scheme":"","Opaque":"","User":null,"Host":"","Path":"/api/v1/progress/global/e2e","RawPath":"","ForceQuery":false,"RawQuery":"","Fragment":"","RawFragment":""}}
{"client_cert":["e2e"],"level":"info","method":"POST","msg":"received request","plugin_name":"e2e","time":"2022-05-30T07:45:39Z","url":{"Scheme":"","Opaque":"","User":null,"Host":"","Path":"/api/v1/progress/global/e2e","RawPath":"","ForceQuery":false,"RawQuery":"","Fragment":"","RawFragment":""}}
{"client_cert":["e2e"],"level":"info","method":"POST","msg":"received request","plugin_name":"e2e","time":"2022-05-30T07:45:51Z","url":{"Scheme":"","Opaque":"","User":null,"Host":"","Path":"/api/v1/progress/global/e2e","RawPath":"","ForceQuery":false,"RawQuery":"","Fragment":"","RawFragment":""}}
{"client_cert":["e2e"],"level":"info","method":"POST","msg":"received request","plugin_name":"e2e","time":"2022-05-30T07:46:03Z","url":{"Scheme":"","Opaque":"","User":null,"Host":"","Path":"/api/v1/progress/global/e2e","RawPath":"","ForceQuery":false,"RawQuery":"","Fragment":"","RawFragment":""}}
{"client_cert":["e2e"],"level":"info","method":"POST","msg":"received request","plugin_name":"e2e","time":"2022-05-30T07:46:03Z","url":{"Scheme":"","Opaque":"","User":null,"Host":"","Path":"/api/v1/progress/global/e2e","RawPath":"","ForceQuery":false,"RawQuery":"","Fragment":"","RawFragment":""}}
{"client_cert":["e2e"],"level":"info","method":"POST","msg":"received request","plugin_name":"e2e","time":"2022-05-30T07:46:17Z","url":{"Scheme":"","Opaque":"","User":null,"Host":"","Path":"/api/v1/progress/global/e2e","RawPath":"","ForceQuery":false,"RawQuery":"","Fragment":"","RawFragment":""}}
{"client_cert":["e2e"],"level":"info","method":"POST","msg":"received request","plugin_name":"e2e","time":"2022-05-30T07:46:27Z","url":{"Scheme":"","Opaque":"","User":null,"Host":"","Path":"/api/v1/progress/global/e2e","RawPath":"","ForceQuery":false,"RawQuery":"","Fragment":"","RawFragment":""}}
{"client_cert":["e2e"],"level":"info","method":"POST","msg":"received request","plugin_name":"e2e","time":"2022-05-30T07:46:40Z","url":{"Scheme":"","Opaque":"","User":null,"Host":"","Path":"/api/v1/progress/global/e2e","RawPath":"","ForceQuery":false,"RawQuery":"","Fragment":"","RawFragment":""}}
{"client_cert":["e2e"],"level":"info","method":"POST","msg":"received request","plugin_name":"e2e","time":"2022-05-30T07:46:48Z","url":{"Scheme":"","Opaque":"","User":null,"Host":"","Path":"/api/v1/progress/global/e2e","RawPath":"","ForceQuery":false,"RawQuery":"","Fragment":"","RawFragment":""}}
{"client_cert":["e2e"],"level":"info","method":"POST","msg":"received request","plugin_name":"e2e","time":"2022-05-30T07:46:57Z","url":{"Scheme":"","Opaque":"","User":null,"Host":"","Path":"/api/v1/progress/global/e2e","RawPath":"","ForceQuery":false,"RawQuery":"","Fragment":"","RawFragment":""}}
{"client_cert":["e2e"],"level":"info","method":"POST","msg":"received request","plugin_name":"e2e","time":"2022-05-30T07:48:10Z","url":{"Scheme":"","Opaque":"","User":null,"Host":"","Path":"/api/v1/progress/global/e2e","RawPath":"","ForceQuery":false,"RawQuery":"","Fragment":"","RawFragment":""}}
{"client_cert":["e2e"],"level":"info","method":"POST","msg":"received request","plugin_name":"e2e","time":"2022-05-30T07:48:55Z","url":{"Scheme":"","Opaque":"","User":null,"Host":"","Path":"/api/v1/progress/global/e2e","RawPath":"","ForceQuery":false,"RawQuery":"","Fragment":"","RawFragment":""}}
{"client_cert":["e2e"],"level":"info","method":"POST","msg":"received request","plugin_name":"e2e","time":"2022-05-30T07:49:01Z","url":{"Scheme":"","Opaque":"","User":null,"Host":"","Path":"/api/v1/progress/global/e2e","RawPath":"","ForceQuery":false,"RawQuery":"","Fragment":"","RawFragment":""}}
{"client_cert":["e2e"],"level":"info","method":"POST","msg":"received request","plugin_name":"e2e","time":"2022-05-30T07:49:02Z","url":{"Scheme":"","Opaque":"","User":null,"Host":"","Path":"/api/v1/progress/global/e2e","RawPath":"","ForceQuery":false,"RawQuery":"","Fragment":"","RawFragment":""}}
{"client_cert":["e2e"],"level":"info","method":"POST","msg":"received request","plugin_name":"e2e","time":"2022-05-30T07:49:08Z","url":{"Scheme":"","Opaque":"","User":null,"Host":"","Path":"/api/v1/progress/global/e2e","RawPath":"","ForceQuery":false,"RawQuery":"","Fragment":"","RawFragment":""}}
{"client_cert":["e2e"],"level":"info","method":"POST","msg":"received request","plugin_name":"e2e","time":"2022-05-30T07:49:16Z","url":{"Scheme":"","Opaque":"","User":null,"Host":"","Path":"/api/v1/progress/global/e2e","RawPath":"","ForceQuery":false,"RawQuery":"","Fragment":"","RawFragment":""}}
{"client_cert":["e2e"],"level":"info","method":"POST","msg":"received request","plugin_name":"e2e","time":"2022-05-30T07:49:23Z","url":{"Scheme":"","Opaque":"","User":null,"Host":"","Path":"/api/v1/progress/global/e2e","RawPath":"","ForceQuery":false,"RawQuery":"","Fragment":"","RawFragment":""}}
{"client_cert":["e2e"],"level":"info","method":"POST","msg":"received request","plugin_name":"e2e","time":"2022-05-30T07:50:07Z","url":{"Scheme":"","Opaque":"","User":null,"Host":"","Path":"/api/v1/progress/global/e2e","RawPath":"","ForceQuery":false,"RawQuery":"","Fragment":"","RawFragment":""}}
{"client_cert":["e2e"],"level":"info","method":"POST","msg":"received request","plugin_name":"e2e","time":"2022-05-30T07:50:32Z","url":{"Scheme":"","Opaque":"","User":null,"Host":"","Path":"/api/v1/progress/global/e2e","RawPath":"","ForceQuery":false,"RawQuery":"","Fragment":"","RawFragment":""}}
{"client_cert":["e2e"],"level":"info","method":"POST","msg":"received request","plugin_name":"e2e","time":"2022-05-30T07:50:47Z","url":{"Scheme":"","Opaque":"","User":null,"Host":"","Path":"/api/v1/progress/global/e2e","RawPath":"","ForceQuery":false,"RawQuery":"","Fragment":"","RawFragment":""}}
{"client_cert":["e2e"],"level":"info","method":"POST","msg":"received request","plugin_name":"e2e","time":"2022-05-30T07:50:59Z","url":{"Scheme":"","Opaque":"","User":null,"Host":"","Path":"/api/v1/progress/global/e2e","RawPath":"","ForceQuery":false,"RawQuery":"","Fragment":"","RawFragment":""}}
{"client_cert":["e2e"],"level":"info","method":"POST","msg":"received request","plugin_name":"e2e","time":"2022-05-30T07:51:07Z","url":{"Scheme":"","Opaque":"","User":null,"Host":"","Path":"/api/v1/progress/global/e2e","RawPath":"","ForceQuery":false,"RawQuery":"","Fragment":"","RawFragment":""}}
{"client_cert":["e2e"],"level":"info","method":"POST","msg":"received request","plugin_name":"e2e","time":"2022-05-30T07:51:23Z","url":{"Scheme":"","Opaque":"","User":null,"Host":"","Path":"/api/v1/progress/global/e2e","RawPath":"","ForceQuery":false,"RawQuery":"","Fragment":"","RawFragment":""}}
{"client_cert":["e2e"],"level":"info","method":"POST","msg":"received request","plugin_name":"e2e","time":"2022-05-30T07:51:24Z","url":{"Scheme":"","Opaque":"","User":null,"Host":"","Path":"/api/v1/progress/global/e2e","RawPath":"","ForceQuery":false,"RawQuery":"","Fragment":"","RawFragment":""}}
{"client_cert":["e2e"],"level":"info","method":"POST","msg":"received request","plugin_name":"e2e","time":"2022-05-30T07:51:30Z","url":{"Scheme":"","Opaque":"","User":null,"Host":"","Path":"/api/v1/progress/global/e2e","RawPath":"","ForceQuery":false,"RawQuery":"","Fragment":"","RawFragment":""}}
{"client_cert":["e2e"],"level":"info","method":"POST","msg":"received request","plugin_name":"e2e","time":"2022-05-30T07:51:36Z","url":{"Scheme":"","Opaque":"","User":null,"Host":"","Path":"/api/v1/progress/global/e2e","RawPath":"","ForceQuery":false,"RawQuery":"","Fragment":"","RawFragment":""}}
{"client_cert":["e2e"],"level":"info","method":"POST","msg":"received request","plugin_name":"e2e","time":"2022-05-30T07:51:45Z","url":{"Scheme":"","Opaque":"","User":null,"Host":"","Path":"/api/v1/progress/global/e2e","RawPath":"","ForceQuery":false,"RawQuery":"","Fragment":"","RawFragment":""}}
{"client_cert":["e2e"],"level":"info","method":"POST","msg":"received request","plugin_name":"e2e","time":"2022-05-30T07:52:02Z","url":{"Scheme":"","Opaque":"","User":null,"Host":"","Path":"/api/v1/progress/global/e2e","RawPath":"","ForceQuery":false,"RawQuery":"","Fragment":"","RawFragment":""}}
{"client_cert":["e2e"],"level":"info","method":"POST","msg":"received request","plugin_name":"e2e","time":"2022-05-30T07:52:17Z","url":{"Scheme":"","Opaque":"","User":null,"Host":"","Path":"/api/v1/progress/global/e2e","RawPath":"","ForceQuery":false,"RawQuery":"","Fragment":"","RawFragment":""}}
{"client_cert":["e2e"],"level":"info","method":"POST","msg":"received request","plugin_name":"e2e","time":"2022-05-30T07:52:19Z","url":{"Scheme":"","Opaque":"","User":null,"Host":"","Path":"/api/v1/progress/global/e2e","RawPath":"","ForceQuery":false,"RawQuery":"","Fragment":"","RawFragment":""}}
{"client_cert":["e2e"],"level":"info","method":"POST","msg":"received request","plugin_name":"e2e","time":"2022-05-30T07:52:36Z","url":{"Scheme":"","Opaque":"","User":null,"Host":"","Path":"/api/v1/progress/global/e2e","RawPath":"","ForceQuery":false,"RawQuery":"","Fragment":"","RawFragment":""}}
{"client_cert":["e2e"],"level":"info","method":"POST","msg":"received request","plugin_name":"e2e","time":"2022-05-30T07:54:34Z","url":{"Scheme":"","Opaque":"","User":null,"Host":"","Path":"/api/v1/progress/global/e2e","RawPath":"","ForceQuery":false,"RawQuery":"","Fragment":"","RawFragment":""}}
{"client_cert":["e2e"],"level":"info","method":"POST","msg":"received request","plugin_name":"e2e","time":"2022-05-30T07:54:51Z","url":{"Scheme":"","Opaque":"","User":null,"Host":"","Path":"/api/v1/progress/global/e2e","RawPath":"","ForceQuery":false,"RawQuery":"","Fragment":"","RawFragment":""}}
{"client_cert":["e2e"],"level":"info","method":"POST","msg":"received request","plugin_name":"e2e","time":"2022-05-30T07:55:09Z","url":{"Scheme":"","Opaque":"","User":null,"Host":"","Path":"/api/v1/progress/global/e2e","RawPath":"","ForceQuery":false,"RawQuery":"","Fragment":"","RawFragment":""}}
{"client_cert":["e2e"],"level":"info","method":"POST","msg":"received request","plugin_name":"e2e","time":"2022-05-30T07:55:27Z","url":{"Scheme":"","Opaque":"","User":null,"Host":"","Path":"/api/v1/progress/global/e2e","RawPath":"","ForceQuery":false,"RawQuery":"","Fragment":"","RawFragment":""}}
{"client_cert":["e2e"],"level":"info","method":"POST","msg":"received request","plugin_name":"e2e","time":"2022-05-30T07:56:14Z","url":{"Scheme":"","Opaque":"","User":null,"Host":"","Path":"/api/v1/progress/global/e2e","RawPath":"","ForceQuery":false,"RawQuery":"","Fragment":"","RawFragment":""}}
{"client_cert":["e2e"],"level":"info","method":"POST","msg":"received request","plugin_name":"e2e","time":"2022-05-30T07:56:44Z","url":{"Scheme":"","Opaque":"","User":null,"Host":"","Path":"/api/v1/progress/global/e2e","RawPath":"","ForceQuery":false,"RawQuery":"","Fragment":"","RawFragment":""}}
{"client_cert":["e2e"],"level":"info","method":"POST","msg":"received request","plugin_name":"e2e","time":"2022-05-30T07:56:53Z","url":{"Scheme":"","Opaque":"","User":null,"Host":"","Path":"/api/v1/progress/global/e2e","RawPath":"","ForceQuery":false,"RawQuery":"","Fragment":"","RawFragment":""}}
{"client_cert":["e2e"],"level":"info","method":"POST","msg":"received request","plugin_name":"e2e","time":"2022-05-30T07:56:54Z","url":{"Scheme":"","Opaque":"","User":null,"Host":"","Path":"/api/v1/progress/global/e2e","RawPath":"","ForceQuery":false,"RawQuery":"","Fragment":"","RawFragment":""}}
{"client_cert":["e2e"],"level":"info","method":"POST","msg":"received request","plugin_name":"e2e","time":"2022-05-30T07:56:54Z","url":{"Scheme":"","Opaque":"","User":null,"Host":"","Path":"/api/v1/progress/global/e2e","RawPath":"","ForceQuery":false,"RawQuery":"","Fragment":"","RawFragment":""}}
{"client_cert":["e2e"],"level":"info","method":"POST","msg":"received request","plugin_name":"e2e","time":"2022-05-30T07:57:01Z","url":{"Scheme":"","Opaque":"","User":null,"Host":"","Path":"/api/v1/progress/global/e2e","RawPath":"","ForceQuery":false,"RawQuery":"","Fragment":"","RawFragment":""}}
{"client_cert":["e2e"],"level":"info","method":"POST","msg":"received request","plugin_name":"e2e","time":"2022-05-30T07:57:07Z","url":{"Scheme":"","Opaque":"","User":null,"Host":"","Path":"/api/v1/progress/global/e2e","RawPath":"","ForceQuery":false,"RawQuery":"","Fragment":"","RawFragment":""}}
{"client_cert":["e2e"],"level":"info","method":"POST","msg":"received request","plugin_name":"e2e","time":"2022-05-30T07:57:32Z","url":{"Scheme":"","Opaque":"","User":null,"Host":"","Path":"/api/v1/progress/global/e2e","RawPath":"","ForceQuery":false,"RawQuery":"","Fragment":"","RawFragment":""}}
{"client_cert":["e2e"],"level":"info","method":"POST","msg":"received request","plugin_name":"e2e","time":"2022-05-30T07:57:46Z","url":{"Scheme":"","Opaque":"","User":null,"Host":"","Path":"/api/v1/progress/global/e2e","RawPath":"","ForceQuery":false,"RawQuery":"","Fragment":"","RawFragment":""}}
{"client_cert":["e2e"],"level":"info","method":"POST","msg":"received request","plugin_name":"e2e","time":"2022-05-30T07:58:04Z","url":{"Scheme":"","Opaque":"","User":null,"Host":"","Path":"/api/v1/progress/global/e2e","RawPath":"","ForceQuery":false,"RawQuery":"","Fragment":"","RawFragment":""}}
{"client_cert":["e2e"],"level":"info","method":"POST","msg":"received request","plugin_name":"e2e","time":"2022-05-30T07:58:18Z","url":{"Scheme":"","Opaque":"","User":null,"Host":"","Path":"/api/v1/progress/global/e2e","RawPath":"","ForceQuery":false,"RawQuery":"","Fragment":"","RawFragment":""}}
{"client_cert":["e2e"],"level":"info","method":"POST","msg":"received request","plugin_name":"e2e","time":"2022-05-30T07:59:20Z","url":{"Scheme":"","Opaque":"","User":null,"Host":"","Path":"/api/v1/progress/global/e2e","RawPath":"","ForceQuery":false,"RawQuery":"","Fragment":"","RawFragment":""}}
{"client_cert":["e2e"],"level":"info","method":"POST","msg":"received request","plugin_name":"e2e","time":"2022-05-30T07:59:45Z","url":{"Scheme":"","Opaque":"","User":null,"Host":"","Path":"/api/v1/progress/global/e2e","RawPath":"","ForceQuery":false,"RawQuery":"","Fragment":"","RawFragment":""}}
{"client_cert":["e2e"],"level":"info","method":"POST","msg":"received request","plugin_name":"e2e","time":"2022-05-30T07:59:59Z","url":{"Scheme":"","Opaque":"","User":null,"Host":"","Path":"/api/v1/progress/global/e2e","RawPath":"","ForceQuery":false,"RawQuery":"","Fragment":"","RawFragment":""}}
{"client_cert":["e2e"],"level":"info","method":"POST","msg":"received request","plugin_name":"e2e","time":"2022-05-30T08:00:10Z","url":{"Scheme":"","Opaque":"","User":null,"Host":"","Path":"/api/v1/progress/global/e2e","RawPath":"","ForceQuery":false,"RawQuery":"","Fragment":"","RawFragment":""}}
{"client_cert":["e2e"],"level":"info","method":"POST","msg":"received request","plugin_name":"e2e","time":"2022-05-30T08:00:18Z","url":{"Scheme":"","Opaque":"","User":null,"Host":"","Path":"/api/v1/progress/global/e2e","RawPath":"","ForceQuery":false,"RawQuery":"","Fragment":"","RawFragment":""}}
{"client_cert":["e2e"],"level":"info","method":"POST","msg":"received request","plugin_name":"e2e","time":"2022-05-30T08:00:22Z","url":{"Scheme":"","Opaque":"","User":null,"Host":"","Path":"/api/v1/progress/global/e2e","RawPath":"","ForceQuery":false,"RawQuery":"","Fragment":"","RawFragment":""}}
{"client_cert":["e2e"],"level":"info","method":"POST","msg":"received request","plugin_name":"e2e","time":"2022-05-30T08:01:29Z","url":{"Scheme":"","Opaque":"","User":null,"Host":"","Path":"/api/v1/progress/global/e2e","RawPath":"","ForceQuery":false,"RawQuery":"","Fragment":"","RawFragment":""}}
{"client_cert":["e2e"],"level":"info","method":"POST","msg":"received request","plugin_name":"e2e","time":"2022-05-30T08:01:36Z","url":{"Scheme":"","Opaque":"","User":null,"Host":"","Path":"/api/v1/progress/global/e2e","RawPath":"","ForceQuery":false,"RawQuery":"","Fragment":"","RawFragment":""}}
{"client_cert":["e2e"],"level":"info","method":"POST","msg":"received request","plugin_name":"e2e","time":"2022-05-30T08:01:50Z","url":{"Scheme":"","Opaque":"","User":null,"Host":"","Path":"/api/v1/progress/global/e2e","RawPath":"","ForceQuery":false,"RawQuery":"","Fragment":"","RawFragment":""}}
{"client_cert":["e2e"],"level":"info","method":"POST","msg":"received request","plugin_name":"e2e","time":"2022-05-30T08:01:56Z","url":{"Scheme":"","Opaque":"","User":null,"Host":"","Path":"/api/v1/progress/global/e2e","RawPath":"","ForceQuery":false,"RawQuery":"","Fragment":"","RawFragment":""}}
{"client_cert":["e2e"],"level":"info","method":"POST","msg":"received request","plugin_name":"e2e","time":"2022-05-30T08:03:59Z","url":{"Scheme":"","Opaque":"","User":null,"Host":"","Path":"/api/v1/progress/global/e2e","RawPath":"","ForceQuery":false,"RawQuery":"","Fragment":"","RawFragment":""}}
{"client_cert":["e2e"],"level":"info","method":"POST","msg":"received request","plugin_name":"e2e","time":"2022-05-30T08:04:07Z","url":{"Scheme":"","Opaque":"","User":null,"Host":"","Path":"/api/v1/progress/global/e2e","RawPath":"","ForceQuery":false,"RawQuery":"","Fragment":"","RawFragment":""}}
{"client_cert":["e2e"],"level":"info","method":"POST","msg":"received request","plugin_name":"e2e","time":"2022-05-30T08:04:16Z","url":{"Scheme":"","Opaque":"","User":null,"Host":"","Path":"/api/v1/progress/global/e2e","RawPath":"","ForceQuery":false,"RawQuery":"","Fragment":"","RawFragment":""}}
{"client_cert":["e2e"],"level":"info","method":"POST","msg":"received request","plugin_name":"e2e","time":"2022-05-30T08:04:24Z","url":{"Scheme":"","Opaque":"","User":null,"Host":"","Path":"/api/v1/progress/global/e2e","RawPath":"","ForceQuery":false,"RawQuery":"","Fragment":"","RawFragment":""}}
{"client_cert":["e2e"],"level":"info","method":"POST","msg":"received request","plugin_name":"e2e","time":"2022-05-30T08:04:24Z","url":{"Scheme":"","Opaque":"","User":null,"Host":"","Path":"/api/v1/progress/global/e2e","RawPath":"","ForceQuery":false,"RawQuery":"","Fragment":"","RawFragment":""}}
{"client_cert":["e2e"],"level":"info","method":"POST","msg":"received request","plugin_name":"e2e","time":"2022-05-30T08:04:30Z","url":{"Scheme":"","Opaque":"","User":null,"Host":"","Path":"/api/v1/progress/global/e2e","RawPath":"","ForceQuery":false,"RawQuery":"","Fragment":"","RawFragment":""}}
{"client_cert":["e2e"],"level":"info","method":"POST","msg":"received request","plugin_name":"e2e","time":"2022-05-30T08:04:39Z","url":{"Scheme":"","Opaque":"","User":null,"Host":"","Path":"/api/v1/progress/global/e2e","RawPath":"","ForceQuery":false,"RawQuery":"","Fragment":"","RawFragment":""}}
{"client_cert":["e2e"],"level":"info","method":"POST","msg":"received request","plugin_name":"e2e","time":"2022-05-30T08:04:52Z","url":{"Scheme":"","Opaque":"","User":null,"Host":"","Path":"/api/v1/progress/global/e2e","RawPath":"","ForceQuery":false,"RawQuery":"","Fragment":"","RawFragment":""}}
{"client_cert":["e2e"],"level":"info","method":"POST","msg":"received request","plugin_name":"e2e","time":"2022-05-30T08:05:06Z","url":{"Scheme":"","Opaque":"","User":null,"Host":"","Path":"/api/v1/progress/global/e2e","RawPath":"","ForceQuery":false,"RawQuery":"","Fragment":"","RawFragment":""}}
{"client_cert":["e2e"],"level":"info","method":"POST","msg":"received request","plugin_name":"e2e","time":"2022-05-30T08:05:18Z","url":{"Scheme":"","Opaque":"","User":null,"Host":"","Path":"/api/v1/progress/global/e2e","RawPath":"","ForceQuery":false,"RawQuery":"","Fragment":"","RawFragment":""}}
{"client_cert":["e2e"],"level":"info","method":"POST","msg":"received request","plugin_name":"e2e","time":"2022-05-30T08:05:36Z","url":{"Scheme":"","Opaque":"","User":null,"Host":"","Path":"/api/v1/progress/global/e2e","RawPath":"","ForceQuery":false,"RawQuery":"","Fragment":"","RawFragment":""}}
{"client_cert":["e2e"],"level":"info","method":"POST","msg":"received request","plugin_name":"e2e","time":"2022-05-30T08:05:50Z","url":{"Scheme":"","Opaque":"","User":null,"Host":"","Path":"/api/v1/progress/global/e2e","RawPath":"","ForceQuery":false,"RawQuery":"","Fragment":"","RawFragment":""}}
{"client_cert":["e2e"],"level":"info","method":"POST","msg":"received request","plugin_name":"e2e","time":"2022-05-30T08:06:34Z","url":{"Scheme":"","Opaque":"","User":null,"Host":"","Path":"/api/v1/progress/global/e2e","RawPath":"","ForceQuery":false,"RawQuery":"","Fragment":"","RawFragment":""}}
{"client_cert":["e2e"],"level":"info","method":"POST","msg":"received request","plugin_name":"e2e","time":"2022-05-30T08:06:51Z","url":{"Scheme":"","Opaque":"","User":null,"Host":"","Path":"/api/v1/progress/global/e2e","RawPath":"","ForceQuery":false,"RawQuery":"","Fragment":"","RawFragment":""}}
{"client_cert":["e2e"],"level":"info","method":"POST","msg":"received request","plugin_name":"e2e","time":"2022-05-30T08:06:51Z","url":{"Scheme":"","Opaque":"","User":null,"Host":"","Path":"/api/v1/progress/global/e2e","RawPath":"","ForceQuery":false,"RawQuery":"","Fragment":"","RawFragment":""}}
{"client_cert":["e2e"],"level":"info","method":"POST","msg":"received request","plugin_name":"e2e","time":"2022-05-30T08:07:49Z","url":{"Scheme":"","Opaque":"","User":null,"Host":"","Path":"/api/v1/progress/global/e2e","RawPath":"","ForceQuery":false,"RawQuery":"","Fragment":"","RawFragment":""}}
{"client_cert":["e2e"],"level":"info","method":"POST","msg":"received request","plugin_name":"e2e","time":"2022-05-30T08:07:49Z","url":{"Scheme":"","Opaque":"","User":null,"Host":"","Path":"/api/v1/progress/global/e2e","RawPath":"","ForceQuery":false,"RawQuery":"","Fragment":"","RawFragment":""}}
{"client_cert":["e2e"],"level":"info","method":"POST","msg":"received request","plugin_name":"e2e","time":"2022-05-30T08:07:50Z","url":{"Scheme":"","Opaque":"","User":null,"Host":"","Path":"/api/v1/progress/global/e2e","RawPath":"","ForceQuery":false,"RawQuery":"","Fragment":"","RawFragment":""}}
{"client_cert":["e2e"],"level":"info","method":"POST","msg":"received request","plugin_name":"e2e","time":"2022-05-30T08:08:07Z","url":{"Scheme":"","Opaque":"","User":null,"Host":"","Path":"/api/v1/progress/global/e2e","RawPath":"","ForceQuery":false,"RawQuery":"","Fragment":"","RawFragment":""}}
{"client_cert":["e2e"],"level":"info","method":"POST","msg":"received request","plugin_name":"e2e","time":"2022-05-30T08:08:16Z","url":{"Scheme":"","Opaque":"","User":null,"Host":"","Path":"/api/v1/progress/global/e2e","RawPath":"","ForceQuery":false,"RawQuery":"","Fragment":"","RawFragment":""}}
{"client_cert":["e2e"],"level":"info","method":"POST","msg":"received request","plugin_name":"e2e","time":"2022-05-30T08:09:16Z","url":{"Scheme":"","Opaque":"","User":null,"Host":"","Path":"/api/v1/progress/global/e2e","RawPath":"","ForceQuery":false,"RawQuery":"","Fragment":"","RawFragment":""}}
{"client_cert":["e2e"],"level":"info","method":"POST","msg":"received request","plugin_name":"e2e","time":"2022-05-30T08:09:27Z","url":{"Scheme":"","Opaque":"","User":null,"Host":"","Path":"/api/v1/progress/global/e2e","RawPath":"","ForceQuery":false,"RawQuery":"","Fragment":"","RawFragment":""}}
{"client_cert":["e2e"],"level":"info","method":"POST","msg":"received request","plugin_name":"e2e","time":"2022-05-30T08:09:41Z","url":{"Scheme":"","Opaque":"","User":null,"Host":"","Path":"/api/v1/progress/global/e2e","RawPath":"","ForceQuery":false,"RawQuery":"","Fragment":"","RawFragment":""}}
{"client_cert":["e2e"],"level":"info","method":"POST","msg":"received request","plugin_name":"e2e","time":"2022-05-30T08:09:42Z","url":{"Scheme":"","Opaque":"","User":null,"Host":"","Path":"/api/v1/progress/global/e2e","RawPath":"","ForceQuery":false,"RawQuery":"","Fragment":"","RawFragment":""}}
{"client_cert":["e2e"],"level":"info","method":"POST","msg":"received request","plugin_name":"e2e","time":"2022-05-30T08:09:42Z","url":{"Scheme":"","Opaque":"","User":null,"Host":"","Path":"/api/v1/progress/global/e2e","RawPath":"","ForceQuery":false,"RawQuery":"","Fragment":"","RawFragment":""}}
{"client_cert":["e2e"],"level":"info","method":"PUT","msg":"received request","plugin_name":"e2e","time":"2022-05-30T08:09:48Z","url":{"Scheme":"","Opaque":"","User":null,"Host":"","Path":"/api/v1/results/global/e2e","RawPath":"","ForceQuery":false,"RawQuery":"","Fragment":"","RawFragment":""}}
{"level":"info","msg":"Last update to annotations on exit","time":"2022-05-30T08:09:48Z"}
{"level":"info","msg":"Shutting down aggregation server","time":"2022-05-30T08:09:48Z"}
{"level":"info","msg":"Resources is not set explicitly implying query all resources, but skipping secrets for safety. Specify the value explicitly in Resources to gather this data.","time":"2022-05-30T08:09:51Z"}
{"level":"info","msg":"Collecting Node Configuration and Health...","time":"2022-05-30T08:09:51Z"}
{"level":"info","msg":"Creating host results for my-node under /tmp/sonobuoy/d7621bef-0112-449a-a58f-8dd9a6757028/hosts/my-node\n","time":"2022-05-30T08:09:51Z"}
{"level":"info","msg":"Running cluster queries","time":"2022-05-30T08:09:52Z"}
{"level":"info","msg":"Querying server version and API Groups","time":"2022-05-30T08:09:54Z"}
{"level":"info","msg":"Filtering namespaces based on the following regex:.*","time":"2022-05-30T08:09:54Z"}
{"level":"info","msg":"Namespace default Matched=true","time":"2022-05-30T08:09:54Z"}
{"level":"info","msg":"Namespace events-2324 Matched=true","time":"2022-05-30T08:09:54Z"}
{"level":"info","msg":"Namespace kube-node-lease Matched=true","time":"2022-05-30T08:09:54Z"}
{"level":"info","msg":"Namespace kube-public Matched=true","time":"2022-05-30T08:09:54Z"}
{"level":"info","msg":"Namespace kube-system Matched=true","time":"2022-05-30T08:09:54Z"}
{"level":"info","msg":"Namespace sonobuoy Matched=true","time":"2022-05-30T08:09:54Z"}
{"level":"info","msg":"Running ns query (default)","time":"2022-05-30T08:09:54Z"}
{"level":"info","msg":"Running ns query (events-2324)","time":"2022-05-30T08:09:54Z"}
{"level":"info","msg":"Running ns query (kube-node-lease)","time":"2022-05-30T08:09:54Z"}
{"level":"info","msg":"Running ns query (kube-public)","time":"2022-05-30T08:09:55Z"}
{"level":"info","msg":"Running ns query (kube-system)","time":"2022-05-30T08:09:56Z"}
{"level":"info","msg":"Running ns query (sonobuoy)","time":"2022-05-30T08:09:57Z"}
{"level":"info","msg":"Namespace default Matched=false","time":"2022-05-30T08:09:58Z"}
{"level":"info","msg":"Namespace events-2324 Matched=false","time":"2022-05-30T08:09:58Z"}
{"level":"info","msg":"Namespace kube-node-lease Matched=false","time":"2022-05-30T08:09:58Z"}
{"level":"info","msg":"Namespace kube-public Matched=false","time":"2022-05-30T08:09:58Z"}
{"level":"info","msg":"Namespace kube-system Matched=true","time":"2022-05-30T08:09:58Z"}
{"level":"info","msg":"Namespace sonobuoy Matched=true","time":"2022-05-30T08:09:58Z"}
{"level":"info","msg":"querying pod logs under namespace kube-system","time":"2022-05-30T08:09:58Z"}
{"level":"info","msg":"Collecting Pod Logs by namespace (kube-system)","time":"2022-05-30T08:09:58Z"}
{"level":"info","msg":"querying pod logs under namespace sonobuoy","time":"2022-05-30T08:09:59Z"}
{"level":"info","msg":"Collecting Pod Logs by namespace (sonobuoy)","time":"2022-05-30T08:09:59Z"}
{"level":"info","msg":"Collecting Pod Logs by FieldSelectors: []","time":"2022-05-30T08:10:00Z"}
{"level":"info","msg":"recording query times at /tmp/sonobuoy/d7621bef-0112-449a-a58f-8dd9a6757028/meta/query-time.json","time":"2022-05-30T08:10:00Z"}
{"level":"info","msg":"Log lines after this point will not appear in the downloaded tarball.","time":"2022-05-30T08:10:00Z"}
{"level":"info","msg":"Invoking plugin cleanup","plugin":"e2e","time":"2022-05-30T08:10:00Z"}
{"level":"info","msg":"Invoking plugin cleanup","plugin":"systemd-logs","time":"2022-05-30T08:10:00Z"}
